2021-12-14 18:13:37.916  INFO [background-preinit] ? [] [] HV000001: Hibernate Validator 6.2.0.Final
2021-12-14 18:13:37.930  WARN [main] ? [] [] 

Found multiple occurrences of org.json.JSONObject on the class path:

	jar:file:/Users/wongrainie/.m2/repository/com/vaadin/external/google/android-json/0.0.20131108.vaadin1/android-json-0.0.20131108.vaadin1.jar!/org/json/JSONObject.class
	jar:file:/Users/wongrainie/.m2/repository/org/json/json/20210307/json-20210307.jar!/org/json/JSONObject.class

You may wish to exclude one of them to ensure predictable runtime behavior

2021-12-14 18:13:37.968  INFO [main] ? [] [] Starting PortalLoginApplicationTests using Java 11.0.12 on WongdeMacBook-Pro.local with PID 25438 (started by wongrainie in /Users/wongrainie/Project/springboot/portalLogin)
2021-12-14 18:13:37.978  INFO [main] ? [] [] The following profiles are active: dev
2021-12-14 18:13:39.259  INFO [main] ? [] [] Multiple Spring Data modules found, entering strict repository configuration mode!
2021-12-14 18:13:39.262  INFO [main] ? [] [] Bootstrapping Spring Data JPA repositories in DEFAULT mode.
2021-12-14 18:13:39.495  INFO [main] ? [] [] Finished Spring Data repository scanning in 224 ms. Found 3 JPA repository interfaces.
2021-12-14 18:13:39.516  INFO [main] ? [] [] Multiple Spring Data modules found, entering strict repository configuration mode!
2021-12-14 18:13:39.517  INFO [main] ? [] [] Bootstrapping Spring Data Redis repositories in DEFAULT mode.
2021-12-14 18:13:39.537  INFO [main] ? [] [] Spring Data Redis - Could not safely identify store assignment for repository candidate interface com.tssco.portalLogin.Repository.HREmpRepository. If you want this repository to be a Redis repository, consider annotating your entities with one of these annotations: org.springframework.data.redis.core.RedisHash (preferred), or consider extending one of the following types with your repository: org.springframework.data.keyvalue.repository.KeyValueRepository.
2021-12-14 18:13:39.539  INFO [main] ? [] [] Spring Data Redis - Could not safely identify store assignment for repository candidate interface com.tssco.portalLogin.Repository.PTCodeRepository. If you want this repository to be a Redis repository, consider annotating your entities with one of these annotations: org.springframework.data.redis.core.RedisHash (preferred), or consider extending one of the following types with your repository: org.springframework.data.keyvalue.repository.KeyValueRepository.
2021-12-14 18:13:39.540  INFO [main] ? [] [] Spring Data Redis - Could not safely identify store assignment for repository candidate interface com.tssco.portalLogin.Repository.PTSysRepository. If you want this repository to be a Redis repository, consider annotating your entities with one of these annotations: org.springframework.data.redis.core.RedisHash (preferred), or consider extending one of the following types with your repository: org.springframework.data.keyvalue.repository.KeyValueRepository.
2021-12-14 18:13:39.540  INFO [main] ? [] [] Finished Spring Data repository scanning in 9 ms. Found 0 Redis repository interfaces.
2021-12-14 18:13:39.941  INFO [main] ? [] [] Post-processing PropertySource instances
2021-12-14 18:13:39.995  INFO [main] ? [] [] Converting PropertySource com.tssco.portalLogin.DecryptInitializer [org.springframework.core.env.PropertiesPropertySource] to EncryptableMapPropertySourceWrapper
2021-12-14 18:13:40.023  INFO [main] ? [] [] Converting PropertySource configurationProperties [org.springframework.boot.context.properties.source.ConfigurationPropertySourcesPropertySource] to AOP Proxy
2021-12-14 18:13:40.024  INFO [main] ? [] [] Converting PropertySource test [org.springframework.core.env.MapPropertySource] to EncryptableMapPropertySourceWrapper
2021-12-14 18:13:40.024  INFO [main] ? [] [] Converting PropertySource Inlined Test Properties [org.springframework.core.env.MapPropertySource] to EncryptableMapPropertySourceWrapper
2021-12-14 18:13:40.025  INFO [main] ? [] [] Converting PropertySource systemProperties [org.springframework.core.env.PropertiesPropertySource] to EncryptableMapPropertySourceWrapper
2021-12-14 18:13:40.025  INFO [main] ? [] [] Converting PropertySource systemEnvironment [org.springframework.boot.env.SystemEnvironmentPropertySourceEnvironmentPostProcessor$OriginAwareSystemEnvironmentPropertySource] to EncryptableSystemEnvironmentPropertySourceWrapper
2021-12-14 18:13:40.026  INFO [main] ? [] [] Converting PropertySource random [org.springframework.boot.env.RandomValuePropertySource] to EncryptablePropertySourceWrapper
2021-12-14 18:13:40.027  INFO [main] ? [] [] Converting PropertySource Config resource 'class path resource [application-dev.yaml]' via location 'optional:classpath:/' [org.springframework.boot.env.OriginTrackedMapPropertySource] to EncryptableMapPropertySourceWrapper
2021-12-14 18:13:40.027  INFO [main] ? [] [] Converting PropertySource Config resource 'class path resource [application.yaml]' via location 'optional:classpath:/' [org.springframework.boot.env.OriginTrackedMapPropertySource] to EncryptableMapPropertySourceWrapper
2021-12-14 18:13:40.084  INFO [main] ? [] [] Property Filter custom Bean not found with name 'encryptablePropertyFilter'. Initializing Default Property Filter
2021-12-14 18:13:40.246  INFO [main] ? [] [] Property Resolver custom Bean not found with name 'encryptablePropertyResolver'. Initializing Default Property Resolver
2021-12-14 18:13:40.250  INFO [main] ? [] [] Property Detector custom Bean not found with name 'encryptablePropertyDetector'. Initializing Default Property Detector
2021-12-14 18:13:40.430  INFO [main] ? [] [] HHH000204: Processing PersistenceUnitInfo [name: default]
2021-12-14 18:13:40.511  INFO [main] ? [] [] HHH000412: Hibernate ORM core version 5.4.32.Final
2021-12-14 18:13:40.701  INFO [main] ? [] [] HCANN000001: Hibernate Commons Annotations {5.1.2.Final}
2021-12-14 18:13:40.848  INFO [main] ? [] [] HikariPool-1 - Starting...
2021-12-14 18:13:41.329  INFO [main] ? [] [] HikariPool-1 - Start completed.
2021-12-14 18:13:41.355  INFO [main] ? [] [] HHH000400: Using dialect: org.hibernate.dialect.MySQL5InnoDBDialect
2021-12-14 18:13:42.276  INFO [main] ? [] [] HHH000490: Using JtaPlatform implementation: [org.hibernate.engine.transaction.jta.platform.internal.NoJtaPlatform]
2021-12-14 18:13:42.291  INFO [main] ? [] [] Initialized JPA EntityManagerFactory for persistence unit 'default'
2021-12-14 18:13:42.393  WARN [main] ? [] [] spring.jpa.open-in-view is enabled by default. Therefore, database queries may be performed during view rendering. Explicitly configure spring.jpa.open-in-view to disable this warning
2021-12-14 18:13:43.806  INFO [main] ? [] [] 

Using generated security password: 79675941-5ce4-4f0f-b2ed-ea2b132b732a

2021-12-14 18:13:43.975  INFO [main] ? [] [] Will secure any request with [org.springframework.security.web.context.request.async.WebAsyncManagerIntegrationFilter@65f270e7, org.springframework.security.web.context.SecurityContextPersistenceFilter@5c3cc103, org.springframework.security.web.header.HeaderWriterFilter@4cc9d672, org.springframework.security.web.authentication.logout.LogoutFilter@1ac8f29c, org.springframework.security.web.savedrequest.RequestCacheAwareFilter@62e8ef9f, org.springframework.security.web.servletapi.SecurityContextHolderAwareRequestFilter@41e156ee, org.springframework.security.web.authentication.AnonymousAuthenticationFilter@417f7d7f, org.springframework.security.web.session.SessionManagementFilter@7da70124, org.springframework.security.web.access.ExceptionTranslationFilter@69e346b3, org.springframework.security.web.access.intercept.FilterSecurityInterceptor@5b3f0552]
2021-12-14 18:13:45.048  INFO [main] ? [] [] Started PortalLoginApplicationTests in 7.678 seconds (JVM running for 9.418)
2021-12-14 18:13:45.267  INFO [SpringApplicationShutdownHook] ? [] [] Closing JPA EntityManagerFactory for persistence unit 'default'
2021-12-14 18:13:45.270  INFO [SpringApplicationShutdownHook] ? [] [] HikariPool-1 - Shutdown initiated...
2021-12-14 18:13:45.292  INFO [SpringApplicationShutdownHook] ? [] [] HikariPool-1 - Shutdown completed.
2021-12-14 18:14:47.723  INFO [background-preinit] ? [] [] HV000001: Hibernate Validator 6.2.0.Final
2021-12-14 18:14:47.773  INFO [main] ? [] [] Starting PortalLoginApplication using Java 11.0.12 on WongdeMacBook-Pro.local with PID 25512 (/Users/wongrainie/Project/springboot/portalLogin/target/classes started by wongrainie in /Users/wongrainie/Project/springboot/portalLogin)
2021-12-14 18:14:47.780  INFO [main] ? [] [] The following profiles are active: dev
2021-12-14 18:14:48.854  INFO [main] ? [] [] Multiple Spring Data modules found, entering strict repository configuration mode!
2021-12-14 18:14:48.857  INFO [main] ? [] [] Bootstrapping Spring Data JPA repositories in DEFAULT mode.
2021-12-14 18:14:49.026  INFO [main] ? [] [] Finished Spring Data repository scanning in 160 ms. Found 3 JPA repository interfaces.
2021-12-14 18:14:49.041  INFO [main] ? [] [] Multiple Spring Data modules found, entering strict repository configuration mode!
2021-12-14 18:14:49.043  INFO [main] ? [] [] Bootstrapping Spring Data Redis repositories in DEFAULT mode.
2021-12-14 18:14:49.057  INFO [main] ? [] [] Spring Data Redis - Could not safely identify store assignment for repository candidate interface com.tssco.portalLogin.Repository.HREmpRepository. If you want this repository to be a Redis repository, consider annotating your entities with one of these annotations: org.springframework.data.redis.core.RedisHash (preferred), or consider extending one of the following types with your repository: org.springframework.data.keyvalue.repository.KeyValueRepository.
2021-12-14 18:14:49.059  INFO [main] ? [] [] Spring Data Redis - Could not safely identify store assignment for repository candidate interface com.tssco.portalLogin.Repository.PTCodeRepository. If you want this repository to be a Redis repository, consider annotating your entities with one of these annotations: org.springframework.data.redis.core.RedisHash (preferred), or consider extending one of the following types with your repository: org.springframework.data.keyvalue.repository.KeyValueRepository.
2021-12-14 18:14:49.060  INFO [main] ? [] [] Spring Data Redis - Could not safely identify store assignment for repository candidate interface com.tssco.portalLogin.Repository.PTSysRepository. If you want this repository to be a Redis repository, consider annotating your entities with one of these annotations: org.springframework.data.redis.core.RedisHash (preferred), or consider extending one of the following types with your repository: org.springframework.data.keyvalue.repository.KeyValueRepository.
2021-12-14 18:14:49.060  INFO [main] ? [] [] Finished Spring Data repository scanning in 9 ms. Found 0 Redis repository interfaces.
2021-12-14 18:14:49.353  INFO [main] ? [] [] Post-processing PropertySource instances
2021-12-14 18:14:49.396  INFO [main] ? [] [] Converting PropertySource com.tssco.portalLogin.DecryptInitializer [org.springframework.core.env.PropertiesPropertySource] to EncryptableMapPropertySourceWrapper
2021-12-14 18:14:49.416  INFO [main] ? [] [] Converting PropertySource configurationProperties [org.springframework.boot.context.properties.source.ConfigurationPropertySourcesPropertySource] to AOP Proxy
2021-12-14 18:14:49.417  INFO [main] ? [] [] Converting PropertySource servletConfigInitParams [org.springframework.core.env.PropertySource$StubPropertySource] to EncryptablePropertySourceWrapper
2021-12-14 18:14:49.417  INFO [main] ? [] [] Converting PropertySource servletContextInitParams [org.springframework.core.env.PropertySource$StubPropertySource] to EncryptablePropertySourceWrapper
2021-12-14 18:14:49.417  INFO [main] ? [] [] Converting PropertySource systemProperties [org.springframework.core.env.PropertiesPropertySource] to EncryptableMapPropertySourceWrapper
2021-12-14 18:14:49.418  INFO [main] ? [] [] Converting PropertySource systemEnvironment [org.springframework.boot.env.SystemEnvironmentPropertySourceEnvironmentPostProcessor$OriginAwareSystemEnvironmentPropertySource] to EncryptableSystemEnvironmentPropertySourceWrapper
2021-12-14 18:14:49.419  INFO [main] ? [] [] Converting PropertySource random [org.springframework.boot.env.RandomValuePropertySource] to EncryptablePropertySourceWrapper
2021-12-14 18:14:49.419  INFO [main] ? [] [] Converting PropertySource Config resource 'class path resource [application-dev.yaml]' via location 'optional:classpath:/' [org.springframework.boot.env.OriginTrackedMapPropertySource] to EncryptableMapPropertySourceWrapper
2021-12-14 18:14:49.420  INFO [main] ? [] [] Converting PropertySource Config resource 'class path resource [application.yaml]' via location 'optional:classpath:/' [org.springframework.boot.env.OriginTrackedMapPropertySource] to EncryptableMapPropertySourceWrapper
2021-12-14 18:14:49.462  INFO [main] ? [] [] Property Filter custom Bean not found with name 'encryptablePropertyFilter'. Initializing Default Property Filter
2021-12-14 18:14:49.794  INFO [main] ? [] [] Tomcat initialized with port(s): 8886 (http)
2021-12-14 18:14:49.804  INFO [main] ? [] [] Initializing ProtocolHandler ["http-nio-8886"]
2021-12-14 18:14:49.805  INFO [main] ? [] [] Starting service [Tomcat]
2021-12-14 18:14:49.806  INFO [main] ? [] [] Starting Servlet engine: [Apache Tomcat/9.0.53]
2021-12-14 18:14:49.903  INFO [main] ? [] [] Initializing Spring embedded WebApplicationContext
2021-12-14 18:14:49.903  INFO [main] ? [] [] Root WebApplicationContext: initialization completed in 2077 ms
2021-12-14 18:14:49.971  INFO [main] ? [] [] Property Resolver custom Bean not found with name 'encryptablePropertyResolver'. Initializing Default Property Resolver
2021-12-14 18:14:49.975  INFO [main] ? [] [] Property Detector custom Bean not found with name 'encryptablePropertyDetector'. Initializing Default Property Detector
2021-12-14 18:14:50.066  INFO [main] ? [] [] HHH000204: Processing PersistenceUnitInfo [name: default]
2021-12-14 18:14:50.113  INFO [main] ? [] [] HHH000412: Hibernate ORM core version 5.4.32.Final
2021-12-14 18:14:50.221  INFO [main] ? [] [] HCANN000001: Hibernate Commons Annotations {5.1.2.Final}
2021-12-14 18:14:50.315  INFO [main] ? [] [] HikariPool-1 - Starting...
2021-12-14 18:14:50.749  INFO [main] ? [] [] HikariPool-1 - Start completed.
2021-12-14 18:14:50.764  INFO [main] ? [] [] HHH000400: Using dialect: org.hibernate.dialect.MySQL5InnoDBDialect
2021-12-14 18:14:51.468  INFO [main] ? [] [] HHH000490: Using JtaPlatform implementation: [org.hibernate.engine.transaction.jta.platform.internal.NoJtaPlatform]
2021-12-14 18:14:51.476  INFO [main] ? [] [] Initialized JPA EntityManagerFactory for persistence unit 'default'
2021-12-14 18:14:51.537  WARN [main] ? [] [] spring.jpa.open-in-view is enabled by default. Therefore, database queries may be performed during view rendering. Explicitly configure spring.jpa.open-in-view to disable this warning
2021-12-14 18:14:52.506  INFO [main] ? [] [] 

Using generated security password: 0cd00c42-9407-491b-9049-8554ad7317e3

2021-12-14 18:14:52.603  INFO [main] ? [] [] Will secure any request with [org.springframework.security.web.context.request.async.WebAsyncManagerIntegrationFilter@ebcf6c0, org.springframework.security.web.context.SecurityContextPersistenceFilter@61a7930e, org.springframework.security.web.header.HeaderWriterFilter@2d3bb293, org.springframework.security.web.authentication.logout.LogoutFilter@6b438782, org.springframework.security.web.savedrequest.RequestCacheAwareFilter@36e6e59f, org.springframework.security.web.servletapi.SecurityContextHolderAwareRequestFilter@19cee7ed, org.springframework.security.web.authentication.AnonymousAuthenticationFilter@438fcca3, org.springframework.security.web.session.SessionManagementFilter@34dc40d5, org.springframework.security.web.access.ExceptionTranslationFilter@567412db, org.springframework.security.web.access.intercept.FilterSecurityInterceptor@10ef09e3]
2021-12-14 18:14:53.051  INFO [main] ? [] [] Starting ProtocolHandler ["http-nio-8886"]
2021-12-14 18:14:53.075  INFO [main] ? [] [] Tomcat started on port(s): 8886 (http) with context path ''
2021-12-14 18:14:53.311  INFO [main] ? [] [] Started PortalLoginApplication in 6.022 seconds (JVM running for 7.745)
2021-12-14 18:15:33.465  INFO [http-nio-8886-exec-2] ? [] [] Initializing Spring DispatcherServlet 'dispatcherServlet'
2021-12-14 18:15:33.466  INFO [http-nio-8886-exec-2] ? [] [] Initializing Servlet 'dispatcherServlet'
2021-12-14 18:15:33.473  INFO [http-nio-8886-exec-2] ? [] [] Completed initialization in 6 ms
2021-12-14 18:15:41.575  INFO [SpringApplicationShutdownHook] ? [] [] Closing JPA EntityManagerFactory for persistence unit 'default'
2021-12-14 18:15:41.577  INFO [SpringApplicationShutdownHook] ? [] [] HikariPool-1 - Shutdown initiated...
2021-12-14 18:15:41.593  INFO [SpringApplicationShutdownHook] ? [] [] HikariPool-1 - Shutdown completed.
2021-12-15 08:13:33.694  INFO [main] ? [] [] Starting PortalLoginApplication using Java 11.0.12 on WongdeMacBook-Pro.local with PID 26015 (/Users/wongrainie/Project/springboot/portalLogin/target/classes started by wongrainie in /Users/wongrainie/Project/springboot/portalLogin)
2021-12-15 08:13:33.700  INFO [main] ? [] [] The following profiles are active: dev
2021-12-15 08:13:34.835  INFO [main] ? [] [] Multiple Spring Data modules found, entering strict repository configuration mode!
2021-12-15 08:13:34.838  INFO [main] ? [] [] Bootstrapping Spring Data JPA repositories in DEFAULT mode.
2021-12-15 08:13:35.010  INFO [main] ? [] [] Finished Spring Data repository scanning in 163 ms. Found 3 JPA repository interfaces.
2021-12-15 08:13:35.027  INFO [main] ? [] [] Multiple Spring Data modules found, entering strict repository configuration mode!
2021-12-15 08:13:35.030  INFO [main] ? [] [] Bootstrapping Spring Data Redis repositories in DEFAULT mode.
2021-12-15 08:13:35.049  INFO [main] ? [] [] Spring Data Redis - Could not safely identify store assignment for repository candidate interface com.tssco.portalLogin.Repository.HREmpRepository. If you want this repository to be a Redis repository, consider annotating your entities with one of these annotations: org.springframework.data.redis.core.RedisHash (preferred), or consider extending one of the following types with your repository: org.springframework.data.keyvalue.repository.KeyValueRepository.
2021-12-15 08:13:35.052  INFO [main] ? [] [] Spring Data Redis - Could not safely identify store assignment for repository candidate interface com.tssco.portalLogin.Repository.PTCodeRepository. If you want this repository to be a Redis repository, consider annotating your entities with one of these annotations: org.springframework.data.redis.core.RedisHash (preferred), or consider extending one of the following types with your repository: org.springframework.data.keyvalue.repository.KeyValueRepository.
2021-12-15 08:13:35.053  INFO [main] ? [] [] Spring Data Redis - Could not safely identify store assignment for repository candidate interface com.tssco.portalLogin.Repository.PTSysRepository. If you want this repository to be a Redis repository, consider annotating your entities with one of these annotations: org.springframework.data.redis.core.RedisHash (preferred), or consider extending one of the following types with your repository: org.springframework.data.keyvalue.repository.KeyValueRepository.
2021-12-15 08:13:35.053  INFO [main] ? [] [] Finished Spring Data repository scanning in 13 ms. Found 0 Redis repository interfaces.
2021-12-15 08:13:35.375  INFO [main] ? [] [] Post-processing PropertySource instances
2021-12-15 08:13:35.420  INFO [main] ? [] [] Converting PropertySource com.tssco.portalLogin.DecryptInitializer [org.springframework.core.env.PropertiesPropertySource] to EncryptableMapPropertySourceWrapper
2021-12-15 08:13:35.442  INFO [main] ? [] [] Converting PropertySource configurationProperties [org.springframework.boot.context.properties.source.ConfigurationPropertySourcesPropertySource] to AOP Proxy
2021-12-15 08:13:35.443  INFO [main] ? [] [] Converting PropertySource servletConfigInitParams [org.springframework.core.env.PropertySource$StubPropertySource] to EncryptablePropertySourceWrapper
2021-12-15 08:13:35.443  INFO [main] ? [] [] Converting PropertySource servletContextInitParams [org.springframework.core.env.PropertySource$StubPropertySource] to EncryptablePropertySourceWrapper
2021-12-15 08:13:35.444  INFO [main] ? [] [] Converting PropertySource systemProperties [org.springframework.core.env.PropertiesPropertySource] to EncryptableMapPropertySourceWrapper
2021-12-15 08:13:35.444  INFO [main] ? [] [] Converting PropertySource systemEnvironment [org.springframework.boot.env.SystemEnvironmentPropertySourceEnvironmentPostProcessor$OriginAwareSystemEnvironmentPropertySource] to EncryptableSystemEnvironmentPropertySourceWrapper
2021-12-15 08:13:35.445  INFO [main] ? [] [] Converting PropertySource random [org.springframework.boot.env.RandomValuePropertySource] to EncryptablePropertySourceWrapper
2021-12-15 08:13:35.445  INFO [main] ? [] [] Converting PropertySource Config resource 'class path resource [application-dev.yaml]' via location 'optional:classpath:/' [org.springframework.boot.env.OriginTrackedMapPropertySource] to EncryptableMapPropertySourceWrapper
2021-12-15 08:13:35.446  INFO [main] ? [] [] Converting PropertySource Config resource 'class path resource [application.yaml]' via location 'optional:classpath:/' [org.springframework.boot.env.OriginTrackedMapPropertySource] to EncryptableMapPropertySourceWrapper
2021-12-15 08:13:35.487  INFO [main] ? [] [] Property Filter custom Bean not found with name 'encryptablePropertyFilter'. Initializing Default Property Filter
2021-12-15 08:13:35.832  INFO [main] ? [] [] Tomcat initialized with port(s): 8886 (http)
2021-12-15 08:13:35.842  INFO [main] ? [] [] Initializing ProtocolHandler ["http-nio-8886"]
2021-12-15 08:13:35.843  INFO [main] ? [] [] Starting service [Tomcat]
2021-12-15 08:13:35.844  INFO [main] ? [] [] Starting Servlet engine: [Apache Tomcat/9.0.53]
2021-12-15 08:13:35.938  INFO [main] ? [] [] Initializing Spring embedded WebApplicationContext
2021-12-15 08:13:35.939  INFO [main] ? [] [] Root WebApplicationContext: initialization completed in 2173 ms
2021-12-15 08:13:36.002  INFO [main] ? [] [] Property Resolver custom Bean not found with name 'encryptablePropertyResolver'. Initializing Default Property Resolver
2021-12-15 08:13:36.006  INFO [main] ? [] [] Property Detector custom Bean not found with name 'encryptablePropertyDetector'. Initializing Default Property Detector
2021-12-15 08:13:36.123  INFO [main] ? [] [] HHH000204: Processing PersistenceUnitInfo [name: default]
2021-12-15 08:13:36.178  INFO [main] ? [] [] HHH000412: Hibernate ORM core version 5.4.32.Final
2021-12-15 08:13:36.358  INFO [main] ? [] [] HCANN000001: Hibernate Commons Annotations {5.1.2.Final}
2021-12-15 08:13:36.517  INFO [main] ? [] [] HikariPool-1 - Starting...
2021-12-15 08:13:36.980  INFO [main] ? [] [] HikariPool-1 - Start completed.
2021-12-15 08:13:36.997  INFO [main] ? [] [] HHH000400: Using dialect: org.hibernate.dialect.MySQL5InnoDBDialect
2021-12-15 08:13:37.864  INFO [main] ? [] [] HHH000490: Using JtaPlatform implementation: [org.hibernate.engine.transaction.jta.platform.internal.NoJtaPlatform]
2021-12-15 08:13:37.871  INFO [main] ? [] [] Initialized JPA EntityManagerFactory for persistence unit 'default'
2021-12-15 08:13:37.919  WARN [main] ? [] [] spring.jpa.open-in-view is enabled by default. Therefore, database queries may be performed during view rendering. Explicitly configure spring.jpa.open-in-view to disable this warning
2021-12-15 08:13:39.027  INFO [main] ? [] [] 

Using generated security password: 87396dcb-b3b3-449f-a8aa-5d318fd2bc88

2021-12-15 08:13:39.130  INFO [main] ? [] [] Will secure any request with [org.springframework.security.web.context.request.async.WebAsyncManagerIntegrationFilter@5b285847, org.springframework.security.web.context.SecurityContextPersistenceFilter@395ac2e5, org.springframework.security.web.header.HeaderWriterFilter@35825d43, org.springframework.security.web.authentication.logout.LogoutFilter@1c8e1233, org.springframework.security.web.savedrequest.RequestCacheAwareFilter@4a2891d1, org.springframework.security.web.servletapi.SecurityContextHolderAwareRequestFilter@70376c6, org.springframework.security.web.authentication.AnonymousAuthenticationFilter@57af157c, org.springframework.security.web.session.SessionManagementFilter@5eaab295, org.springframework.security.web.access.ExceptionTranslationFilter@22071f0, org.springframework.security.web.access.intercept.FilterSecurityInterceptor@65067d90]
2021-12-15 08:13:39.625  INFO [main] ? [] [] Starting ProtocolHandler ["http-nio-8886"]
2021-12-15 08:13:39.652  INFO [main] ? [] [] Tomcat started on port(s): 8886 (http) with context path ''
2021-12-15 08:13:39.950  INFO [main] ? [] [] Started PortalLoginApplication in 6.824 seconds (JVM running for 8.157)
2021-12-15 08:13:55.485  INFO [http-nio-8886-exec-2] ? [] [] Initializing Spring DispatcherServlet 'dispatcherServlet'
2021-12-15 08:13:55.485  INFO [http-nio-8886-exec-2] ? [] [] Initializing Servlet 'dispatcherServlet'
2021-12-15 08:13:55.487  INFO [http-nio-8886-exec-2] ? [] [] Completed initialization in 2 ms
2021-12-15 08:14:04.409  INFO [SpringApplicationShutdownHook] ? [] [] Closing JPA EntityManagerFactory for persistence unit 'default'
2021-12-15 08:14:04.411  INFO [SpringApplicationShutdownHook] ? [] [] HikariPool-1 - Shutdown initiated...
2021-12-15 08:14:04.425  INFO [SpringApplicationShutdownHook] ? [] [] HikariPool-1 - Shutdown completed.
2021-12-15 08:14:09.862  INFO [main] ? [] [] Starting PortalLoginApplication using Java 11.0.12 on WongdeMacBook-Pro.local with PID 26085 (/Users/wongrainie/Project/springboot/portalLogin/target/classes started by wongrainie in /Users/wongrainie/Project/springboot/portalLogin)
2021-12-15 08:14:09.866  INFO [main] ? [] [] The following profiles are active: dev
2021-12-15 08:14:11.157  INFO [main] ? [] [] Multiple Spring Data modules found, entering strict repository configuration mode!
2021-12-15 08:14:11.160  INFO [main] ? [] [] Bootstrapping Spring Data JPA repositories in DEFAULT mode.
2021-12-15 08:14:11.354  INFO [main] ? [] [] Finished Spring Data repository scanning in 182 ms. Found 3 JPA repository interfaces.
2021-12-15 08:14:11.371  INFO [main] ? [] [] Multiple Spring Data modules found, entering strict repository configuration mode!
2021-12-15 08:14:11.373  INFO [main] ? [] [] Bootstrapping Spring Data Redis repositories in DEFAULT mode.
2021-12-15 08:14:11.388  INFO [main] ? [] [] Spring Data Redis - Could not safely identify store assignment for repository candidate interface com.tssco.portalLogin.Repository.HREmpRepository. If you want this repository to be a Redis repository, consider annotating your entities with one of these annotations: org.springframework.data.redis.core.RedisHash (preferred), or consider extending one of the following types with your repository: org.springframework.data.keyvalue.repository.KeyValueRepository.
2021-12-15 08:14:11.390  INFO [main] ? [] [] Spring Data Redis - Could not safely identify store assignment for repository candidate interface com.tssco.portalLogin.Repository.PTCodeRepository. If you want this repository to be a Redis repository, consider annotating your entities with one of these annotations: org.springframework.data.redis.core.RedisHash (preferred), or consider extending one of the following types with your repository: org.springframework.data.keyvalue.repository.KeyValueRepository.
2021-12-15 08:14:11.391  INFO [main] ? [] [] Spring Data Redis - Could not safely identify store assignment for repository candidate interface com.tssco.portalLogin.Repository.PTSysRepository. If you want this repository to be a Redis repository, consider annotating your entities with one of these annotations: org.springframework.data.redis.core.RedisHash (preferred), or consider extending one of the following types with your repository: org.springframework.data.keyvalue.repository.KeyValueRepository.
2021-12-15 08:14:11.392  INFO [main] ? [] [] Finished Spring Data repository scanning in 10 ms. Found 0 Redis repository interfaces.
