2021-12-14 18:13:37.916  INFO [background-preinit] Version [<clinit>] [21] HV000001: Hibernate Validator 6.2.0.Final
2021-12-14 18:13:37.930  WARN [main] DuplicateJsonObjectContextCustomizerFactory$DuplicateJsonObjectContextCustomizer [logDuplicateJsonObjectsWarning] [78] 

Found multiple occurrences of org.json.JSONObject on the class path:

	jar:file:/Users/wongrainie/.m2/repository/com/vaadin/external/google/android-json/0.0.20131108.vaadin1/android-json-0.0.20131108.vaadin1.jar!/org/json/JSONObject.class
	jar:file:/Users/wongrainie/.m2/repository/org/json/json/20210307/json-20210307.jar!/org/json/JSONObject.class

You may wish to exclude one of them to ensure predictable runtime behavior

2021-12-14 18:13:37.968  INFO [main] StartupInfoLogger [logStarting] [55] Starting PortalLoginApplicationTests using Java 11.0.12 on WongdeMacBook-Pro.local with PID 25438 (started by wongrainie in /Users/wongrainie/Project/springboot/portalLogin)
2021-12-14 18:13:37.978  INFO [main] SpringApplication [logStartupProfileInfo] [663] The following profiles are active: dev
2021-12-14 18:13:39.259  INFO [main] RepositoryConfigurationDelegate [multipleStoresDetected] [262] Multiple Spring Data modules found, entering strict repository configuration mode!
2021-12-14 18:13:39.262  INFO [main] RepositoryConfigurationDelegate [registerRepositoriesIn] [132] Bootstrapping Spring Data JPA repositories in DEFAULT mode.
2021-12-14 18:13:39.495  INFO [main] RepositoryConfigurationDelegate [registerRepositoriesIn] [201] Finished Spring Data repository scanning in 224 ms. Found 3 JPA repository interfaces.
2021-12-14 18:13:39.516  INFO [main] RepositoryConfigurationDelegate [multipleStoresDetected] [262] Multiple Spring Data modules found, entering strict repository configuration mode!
2021-12-14 18:13:39.517  INFO [main] RepositoryConfigurationDelegate [registerRepositoriesIn] [132] Bootstrapping Spring Data Redis repositories in DEFAULT mode.
2021-12-14 18:13:39.537  INFO [main] RepositoryConfigurationExtensionSupport [isStrictRepositoryCandidate] [349] Spring Data Redis - Could not safely identify store assignment for repository candidate interface com.tssco.portalLogin.Repository.HREmpRepository. If you want this repository to be a Redis repository, consider annotating your entities with one of these annotations: org.springframework.data.redis.core.RedisHash (preferred), or consider extending one of the following types with your repository: org.springframework.data.keyvalue.repository.KeyValueRepository.
2021-12-14 18:13:39.539  INFO [main] RepositoryConfigurationExtensionSupport [isStrictRepositoryCandidate] [349] Spring Data Redis - Could not safely identify store assignment for repository candidate interface com.tssco.portalLogin.Repository.PTCodeRepository. If you want this repository to be a Redis repository, consider annotating your entities with one of these annotations: org.springframework.data.redis.core.RedisHash (preferred), or consider extending one of the following types with your repository: org.springframework.data.keyvalue.repository.KeyValueRepository.
2021-12-14 18:13:39.540  INFO [main] RepositoryConfigurationExtensionSupport [isStrictRepositoryCandidate] [349] Spring Data Redis - Could not safely identify store assignment for repository candidate interface com.tssco.portalLogin.Repository.PTSysRepository. If you want this repository to be a Redis repository, consider annotating your entities with one of these annotations: org.springframework.data.redis.core.RedisHash (preferred), or consider extending one of the following types with your repository: org.springframework.data.keyvalue.repository.KeyValueRepository.
2021-12-14 18:13:39.540  INFO [main] RepositoryConfigurationDelegate [registerRepositoriesIn] [201] Finished Spring Data repository scanning in 9 ms. Found 0 Redis repository interfaces.
2021-12-14 18:13:39.941  INFO [main] EnableEncryptablePropertiesBeanFactoryPostProcessor [postProcessBeanFactory] [48] Post-processing PropertySource instances
2021-12-14 18:13:39.995  INFO [main] EncryptablePropertySourceConverter [makeEncryptable] [41] Converting PropertySource com.tssco.portalLogin.DecryptInitializer [org.springframework.core.env.PropertiesPropertySource] to EncryptableMapPropertySourceWrapper
2021-12-14 18:13:40.023  INFO [main] EncryptablePropertySourceConverter [makeEncryptable] [41] Converting PropertySource configurationProperties [org.springframework.boot.context.properties.source.ConfigurationPropertySourcesPropertySource] to AOP Proxy
2021-12-14 18:13:40.024  INFO [main] EncryptablePropertySourceConverter [makeEncryptable] [41] Converting PropertySource test [org.springframework.core.env.MapPropertySource] to EncryptableMapPropertySourceWrapper
2021-12-14 18:13:40.024  INFO [main] EncryptablePropertySourceConverter [makeEncryptable] [41] Converting PropertySource Inlined Test Properties [org.springframework.core.env.MapPropertySource] to EncryptableMapPropertySourceWrapper
2021-12-14 18:13:40.025  INFO [main] EncryptablePropertySourceConverter [makeEncryptable] [41] Converting PropertySource systemProperties [org.springframework.core.env.PropertiesPropertySource] to EncryptableMapPropertySourceWrapper
2021-12-14 18:13:40.025  INFO [main] EncryptablePropertySourceConverter [makeEncryptable] [41] Converting PropertySource systemEnvironment [org.springframework.boot.env.SystemEnvironmentPropertySourceEnvironmentPostProcessor$OriginAwareSystemEnvironmentPropertySource] to EncryptableSystemEnvironmentPropertySourceWrapper
2021-12-14 18:13:40.026  INFO [main] EncryptablePropertySourceConverter [makeEncryptable] [41] Converting PropertySource random [org.springframework.boot.env.RandomValuePropertySource] to EncryptablePropertySourceWrapper
2021-12-14 18:13:40.027  INFO [main] EncryptablePropertySourceConverter [makeEncryptable] [41] Converting PropertySource Config resource 'class path resource [application-dev.yaml]' via location 'optional:classpath:/' [org.springframework.boot.env.OriginTrackedMapPropertySource] to EncryptableMapPropertySourceWrapper
2021-12-14 18:13:40.027  INFO [main] EncryptablePropertySourceConverter [makeEncryptable] [41] Converting PropertySource Config resource 'class path resource [application.yaml]' via location 'optional:classpath:/' [org.springframework.boot.env.OriginTrackedMapPropertySource] to EncryptableMapPropertySourceWrapper
2021-12-14 18:13:40.084  INFO [main] DefaultLazyPropertyFilter [lambda$null$2] [34] Property Filter custom Bean not found with name 'encryptablePropertyFilter'. Initializing Default Property Filter
2021-12-14 18:13:40.246  INFO [main] DefaultLazyPropertyResolver [lambda$null$2] [35] Property Resolver custom Bean not found with name 'encryptablePropertyResolver'. Initializing Default Property Resolver
2021-12-14 18:13:40.250  INFO [main] DefaultLazyPropertyDetector [lambda$null$2] [33] Property Detector custom Bean not found with name 'encryptablePropertyDetector'. Initializing Default Property Detector
2021-12-14 18:13:40.430  INFO [main] LogHelper [logPersistenceUnitInformation] [31] HHH000204: Processing PersistenceUnitInfo [name: default]
2021-12-14 18:13:40.511  INFO [main] Version [logVersion] [44] HHH000412: Hibernate ORM core version 5.4.32.Final
2021-12-14 18:13:40.701  INFO [main] JavaReflectionManager [<clinit>] [56] HCANN000001: Hibernate Commons Annotations {5.1.2.Final}
2021-12-14 18:13:40.848  INFO [main] HikariDataSource [getConnection] [110] HikariPool-1 - Starting...
2021-12-14 18:13:41.329  INFO [main] HikariDataSource [getConnection] [123] HikariPool-1 - Start completed.
2021-12-14 18:13:41.355  INFO [main] Dialect [<init>] [175] HHH000400: Using dialect: org.hibernate.dialect.MySQL5InnoDBDialect
2021-12-14 18:13:42.276  INFO [main] JtaPlatformInitiator [initiateService] [52] HHH000490: Using JtaPlatform implementation: [org.hibernate.engine.transaction.jta.platform.internal.NoJtaPlatform]
2021-12-14 18:13:42.291  INFO [main] AbstractEntityManagerFactoryBean [buildNativeEntityManagerFactory] [437] Initialized JPA EntityManagerFactory for persistence unit 'default'
2021-12-14 18:13:42.393  WARN [main] JpaBaseConfiguration$JpaWebConfiguration [openEntityManagerInViewInterceptor] [219] spring.jpa.open-in-view is enabled by default. Therefore, database queries may be performed during view rendering. Explicitly configure spring.jpa.open-in-view to disable this warning
2021-12-14 18:13:43.806  INFO [main] UserDetailsServiceAutoConfiguration [getOrDeducePassword] [86] 

Using generated security password: 79675941-5ce4-4f0f-b2ed-ea2b132b732a

2021-12-14 18:13:43.975  INFO [main] DefaultSecurityFilterChain [<init>] [51] Will secure any request with [org.springframework.security.web.context.request.async.WebAsyncManagerIntegrationFilter@65f270e7, org.springframework.security.web.context.SecurityContextPersistenceFilter@5c3cc103, org.springframework.security.web.header.HeaderWriterFilter@4cc9d672, org.springframework.security.web.authentication.logout.LogoutFilter@1ac8f29c, org.springframework.security.web.savedrequest.RequestCacheAwareFilter@62e8ef9f, org.springframework.security.web.servletapi.SecurityContextHolderAwareRequestFilter@41e156ee, org.springframework.security.web.authentication.AnonymousAuthenticationFilter@417f7d7f, org.springframework.security.web.session.SessionManagementFilter@7da70124, org.springframework.security.web.access.ExceptionTranslationFilter@69e346b3, org.springframework.security.web.access.intercept.FilterSecurityInterceptor@5b3f0552]
2021-12-14 18:13:45.048  INFO [main] StartupInfoLogger [logStarted] [61] Started PortalLoginApplicationTests in 7.678 seconds (JVM running for 9.418)
2021-12-14 18:13:45.267  INFO [SpringApplicationShutdownHook] AbstractEntityManagerFactoryBean [destroy] [651] Closing JPA EntityManagerFactory for persistence unit 'default'
2021-12-14 18:13:45.270  INFO [SpringApplicationShutdownHook] HikariDataSource [close] [350] HikariPool-1 - Shutdown initiated...
2021-12-14 18:13:45.292  INFO [SpringApplicationShutdownHook] HikariDataSource [close] [352] HikariPool-1 - Shutdown completed.
2021-12-14 18:14:47.723  INFO [background-preinit] Version [<clinit>] [21] HV000001: Hibernate Validator 6.2.0.Final
2021-12-14 18:14:47.773  INFO [main] StartupInfoLogger [logStarting] [55] Starting PortalLoginApplication using Java 11.0.12 on WongdeMacBook-Pro.local with PID 25512 (/Users/wongrainie/Project/springboot/portalLogin/target/classes started by wongrainie in /Users/wongrainie/Project/springboot/portalLogin)
2021-12-14 18:14:47.780  INFO [main] SpringApplication [logStartupProfileInfo] [663] The following profiles are active: dev
2021-12-14 18:14:48.854  INFO [main] RepositoryConfigurationDelegate [multipleStoresDetected] [262] Multiple Spring Data modules found, entering strict repository configuration mode!
2021-12-14 18:14:48.857  INFO [main] RepositoryConfigurationDelegate [registerRepositoriesIn] [132] Bootstrapping Spring Data JPA repositories in DEFAULT mode.
2021-12-14 18:14:49.026  INFO [main] RepositoryConfigurationDelegate [registerRepositoriesIn] [201] Finished Spring Data repository scanning in 160 ms. Found 3 JPA repository interfaces.
2021-12-14 18:14:49.041  INFO [main] RepositoryConfigurationDelegate [multipleStoresDetected] [262] Multiple Spring Data modules found, entering strict repository configuration mode!
2021-12-14 18:14:49.043  INFO [main] RepositoryConfigurationDelegate [registerRepositoriesIn] [132] Bootstrapping Spring Data Redis repositories in DEFAULT mode.
2021-12-14 18:14:49.057  INFO [main] RepositoryConfigurationExtensionSupport [isStrictRepositoryCandidate] [349] Spring Data Redis - Could not safely identify store assignment for repository candidate interface com.tssco.portalLogin.Repository.HREmpRepository. If you want this repository to be a Redis repository, consider annotating your entities with one of these annotations: org.springframework.data.redis.core.RedisHash (preferred), or consider extending one of the following types with your repository: org.springframework.data.keyvalue.repository.KeyValueRepository.
2021-12-14 18:14:49.059  INFO [main] RepositoryConfigurationExtensionSupport [isStrictRepositoryCandidate] [349] Spring Data Redis - Could not safely identify store assignment for repository candidate interface com.tssco.portalLogin.Repository.PTCodeRepository. If you want this repository to be a Redis repository, consider annotating your entities with one of these annotations: org.springframework.data.redis.core.RedisHash (preferred), or consider extending one of the following types with your repository: org.springframework.data.keyvalue.repository.KeyValueRepository.
2021-12-14 18:14:49.060  INFO [main] RepositoryConfigurationExtensionSupport [isStrictRepositoryCandidate] [349] Spring Data Redis - Could not safely identify store assignment for repository candidate interface com.tssco.portalLogin.Repository.PTSysRepository. If you want this repository to be a Redis repository, consider annotating your entities with one of these annotations: org.springframework.data.redis.core.RedisHash (preferred), or consider extending one of the following types with your repository: org.springframework.data.keyvalue.repository.KeyValueRepository.
2021-12-14 18:14:49.060  INFO [main] RepositoryConfigurationDelegate [registerRepositoriesIn] [201] Finished Spring Data repository scanning in 9 ms. Found 0 Redis repository interfaces.
2021-12-14 18:14:49.353  INFO [main] EnableEncryptablePropertiesBeanFactoryPostProcessor [postProcessBeanFactory] [48] Post-processing PropertySource instances
2021-12-14 18:14:49.396  INFO [main] EncryptablePropertySourceConverter [makeEncryptable] [41] Converting PropertySource com.tssco.portalLogin.DecryptInitializer [org.springframework.core.env.PropertiesPropertySource] to EncryptableMapPropertySourceWrapper
2021-12-14 18:14:49.416  INFO [main] EncryptablePropertySourceConverter [makeEncryptable] [41] Converting PropertySource configurationProperties [org.springframework.boot.context.properties.source.ConfigurationPropertySourcesPropertySource] to AOP Proxy
2021-12-14 18:14:49.417  INFO [main] EncryptablePropertySourceConverter [makeEncryptable] [41] Converting PropertySource servletConfigInitParams [org.springframework.core.env.PropertySource$StubPropertySource] to EncryptablePropertySourceWrapper
2021-12-14 18:14:49.417  INFO [main] EncryptablePropertySourceConverter [makeEncryptable] [41] Converting PropertySource servletContextInitParams [org.springframework.core.env.PropertySource$StubPropertySource] to EncryptablePropertySourceWrapper
2021-12-14 18:14:49.417  INFO [main] EncryptablePropertySourceConverter [makeEncryptable] [41] Converting PropertySource systemProperties [org.springframework.core.env.PropertiesPropertySource] to EncryptableMapPropertySourceWrapper
2021-12-14 18:14:49.418  INFO [main] EncryptablePropertySourceConverter [makeEncryptable] [41] Converting PropertySource systemEnvironment [org.springframework.boot.env.SystemEnvironmentPropertySourceEnvironmentPostProcessor$OriginAwareSystemEnvironmentPropertySource] to EncryptableSystemEnvironmentPropertySourceWrapper
2021-12-14 18:14:49.419  INFO [main] EncryptablePropertySourceConverter [makeEncryptable] [41] Converting PropertySource random [org.springframework.boot.env.RandomValuePropertySource] to EncryptablePropertySourceWrapper
2021-12-14 18:14:49.419  INFO [main] EncryptablePropertySourceConverter [makeEncryptable] [41] Converting PropertySource Config resource 'class path resource [application-dev.yaml]' via location 'optional:classpath:/' [org.springframework.boot.env.OriginTrackedMapPropertySource] to EncryptableMapPropertySourceWrapper
2021-12-14 18:14:49.420  INFO [main] EncryptablePropertySourceConverter [makeEncryptable] [41] Converting PropertySource Config resource 'class path resource [application.yaml]' via location 'optional:classpath:/' [org.springframework.boot.env.OriginTrackedMapPropertySource] to EncryptableMapPropertySourceWrapper
2021-12-14 18:14:49.462  INFO [main] DefaultLazyPropertyFilter [lambda$null$2] [34] Property Filter custom Bean not found with name 'encryptablePropertyFilter'. Initializing Default Property Filter
2021-12-14 18:14:49.794  INFO [main] TomcatWebServer [initialize] [108] Tomcat initialized with port(s): 8886 (http)
2021-12-14 18:14:49.804  INFO [main] DirectJDKLog [log] [173] Initializing ProtocolHandler ["http-nio-8886"]
2021-12-14 18:14:49.805  INFO [main] DirectJDKLog [log] [173] Starting service [Tomcat]
2021-12-14 18:14:49.806  INFO [main] DirectJDKLog [log] [173] Starting Servlet engine: [Apache Tomcat/9.0.53]
2021-12-14 18:14:49.903  INFO [main] DirectJDKLog [log] [173] Initializing Spring embedded WebApplicationContext
2021-12-14 18:14:49.903  INFO [main] ServletWebServerApplicationContext [prepareWebApplicationContext] [290] Root WebApplicationContext: initialization completed in 2077 ms
2021-12-14 18:14:49.971  INFO [main] DefaultLazyPropertyResolver [lambda$null$2] [35] Property Resolver custom Bean not found with name 'encryptablePropertyResolver'. Initializing Default Property Resolver
2021-12-14 18:14:49.975  INFO [main] DefaultLazyPropertyDetector [lambda$null$2] [33] Property Detector custom Bean not found with name 'encryptablePropertyDetector'. Initializing Default Property Detector
2021-12-14 18:14:50.066  INFO [main] LogHelper [logPersistenceUnitInformation] [31] HHH000204: Processing PersistenceUnitInfo [name: default]
2021-12-14 18:14:50.113  INFO [main] Version [logVersion] [44] HHH000412: Hibernate ORM core version 5.4.32.Final
2021-12-14 18:14:50.221  INFO [main] JavaReflectionManager [<clinit>] [56] HCANN000001: Hibernate Commons Annotations {5.1.2.Final}
2021-12-14 18:14:50.315  INFO [main] HikariDataSource [getConnection] [110] HikariPool-1 - Starting...
2021-12-14 18:14:50.749  INFO [main] HikariDataSource [getConnection] [123] HikariPool-1 - Start completed.
2021-12-14 18:14:50.764  INFO [main] Dialect [<init>] [175] HHH000400: Using dialect: org.hibernate.dialect.MySQL5InnoDBDialect
2021-12-14 18:14:51.468  INFO [main] JtaPlatformInitiator [initiateService] [52] HHH000490: Using JtaPlatform implementation: [org.hibernate.engine.transaction.jta.platform.internal.NoJtaPlatform]
2021-12-14 18:14:51.476  INFO [main] AbstractEntityManagerFactoryBean [buildNativeEntityManagerFactory] [437] Initialized JPA EntityManagerFactory for persistence unit 'default'
2021-12-14 18:14:51.537  WARN [main] JpaBaseConfiguration$JpaWebConfiguration [openEntityManagerInViewInterceptor] [219] spring.jpa.open-in-view is enabled by default. Therefore, database queries may be performed during view rendering. Explicitly configure spring.jpa.open-in-view to disable this warning
2021-12-14 18:14:52.506  INFO [main] UserDetailsServiceAutoConfiguration [getOrDeducePassword] [86] 

Using generated security password: 0cd00c42-9407-491b-9049-8554ad7317e3

2021-12-14 18:14:52.603  INFO [main] DefaultSecurityFilterChain [<init>] [51] Will secure any request with [org.springframework.security.web.context.request.async.WebAsyncManagerIntegrationFilter@ebcf6c0, org.springframework.security.web.context.SecurityContextPersistenceFilter@61a7930e, org.springframework.security.web.header.HeaderWriterFilter@2d3bb293, org.springframework.security.web.authentication.logout.LogoutFilter@6b438782, org.springframework.security.web.savedrequest.RequestCacheAwareFilter@36e6e59f, org.springframework.security.web.servletapi.SecurityContextHolderAwareRequestFilter@19cee7ed, org.springframework.security.web.authentication.AnonymousAuthenticationFilter@438fcca3, org.springframework.security.web.session.SessionManagementFilter@34dc40d5, org.springframework.security.web.access.ExceptionTranslationFilter@567412db, org.springframework.security.web.access.intercept.FilterSecurityInterceptor@10ef09e3]
2021-12-14 18:14:53.051  INFO [main] DirectJDKLog [log] [173] Starting ProtocolHandler ["http-nio-8886"]
2021-12-14 18:14:53.075  INFO [main] TomcatWebServer [start] [220] Tomcat started on port(s): 8886 (http) with context path ''
2021-12-14 18:14:53.311  INFO [main] StartupInfoLogger [logStarted] [61] Started PortalLoginApplication in 6.022 seconds (JVM running for 7.745)
2021-12-14 18:15:33.465  INFO [http-nio-8886-exec-2] DirectJDKLog [log] [173] Initializing Spring DispatcherServlet 'dispatcherServlet'
2021-12-14 18:15:33.466  INFO [http-nio-8886-exec-2] FrameworkServlet [initServletBean] [525] Initializing Servlet 'dispatcherServlet'
2021-12-14 18:15:33.473  INFO [http-nio-8886-exec-2] FrameworkServlet [initServletBean] [547] Completed initialization in 6 ms
2021-12-14 18:15:41.575  INFO [SpringApplicationShutdownHook] AbstractEntityManagerFactoryBean [destroy] [651] Closing JPA EntityManagerFactory for persistence unit 'default'
2021-12-14 18:15:41.577  INFO [SpringApplicationShutdownHook] HikariDataSource [close] [350] HikariPool-1 - Shutdown initiated...
2021-12-14 18:15:41.593  INFO [SpringApplicationShutdownHook] HikariDataSource [close] [352] HikariPool-1 - Shutdown completed.
