2021-11-19 14:30:57.332  INFO [background-preinit] Version [<clinit>] [21] HV000001: Hibernate Validator 6.2.0.Final
2021-11-19 14:30:57.400  INFO [main] StartupInfoLogger [logStarting] [55] Starting PortalLoginApplication using Java 11.0.12 on WongdeMacBook-Pro.local with PID 22612 (/Users/wongrainie/Project/springboot/portalLogin/target/classes started by wongrainie in /Users/wongrainie/Project/springboot/portalLogin)
2021-11-19 14:30:57.409  INFO [main] SpringApplication [logStartupProfileInfo] [663] The following profiles are active: dev
2021-11-19 14:30:58.804  INFO [main] RepositoryConfigurationDelegate [multipleStoresDetected] [262] Multiple Spring Data modules found, entering strict repository configuration mode!
2021-11-19 14:30:58.807  INFO [main] RepositoryConfigurationDelegate [registerRepositoriesIn] [132] Bootstrapping Spring Data JPA repositories in DEFAULT mode.
2021-11-19 14:30:59.040  INFO [main] RepositoryConfigurationDelegate [registerRepositoriesIn] [201] Finished Spring Data repository scanning in 221 ms. Found 3 JPA repository interfaces.
2021-11-19 14:30:59.058  INFO [main] RepositoryConfigurationDelegate [multipleStoresDetected] [262] Multiple Spring Data modules found, entering strict repository configuration mode!
2021-11-19 14:30:59.059  INFO [main] RepositoryConfigurationDelegate [registerRepositoriesIn] [132] Bootstrapping Spring Data Redis repositories in DEFAULT mode.
2021-11-19 14:30:59.076  INFO [main] RepositoryConfigurationExtensionSupport [isStrictRepositoryCandidate] [349] Spring Data Redis - Could not safely identify store assignment for repository candidate interface com.tssco.portalLogin.Repository.HREmpRepository. If you want this repository to be a Redis repository, consider annotating your entities with one of these annotations: org.springframework.data.redis.core.RedisHash (preferred), or consider extending one of the following types with your repository: org.springframework.data.keyvalue.repository.KeyValueRepository.
2021-11-19 14:30:59.078  INFO [main] RepositoryConfigurationExtensionSupport [isStrictRepositoryCandidate] [349] Spring Data Redis - Could not safely identify store assignment for repository candidate interface com.tssco.portalLogin.Repository.PTCodeRepository. If you want this repository to be a Redis repository, consider annotating your entities with one of these annotations: org.springframework.data.redis.core.RedisHash (preferred), or consider extending one of the following types with your repository: org.springframework.data.keyvalue.repository.KeyValueRepository.
2021-11-19 14:30:59.079  INFO [main] RepositoryConfigurationExtensionSupport [isStrictRepositoryCandidate] [349] Spring Data Redis - Could not safely identify store assignment for repository candidate interface com.tssco.portalLogin.Repository.PTSysRepository. If you want this repository to be a Redis repository, consider annotating your entities with one of these annotations: org.springframework.data.redis.core.RedisHash (preferred), or consider extending one of the following types with your repository: org.springframework.data.keyvalue.repository.KeyValueRepository.
2021-11-19 14:30:59.080  INFO [main] RepositoryConfigurationDelegate [registerRepositoriesIn] [201] Finished Spring Data repository scanning in 10 ms. Found 0 Redis repository interfaces.
2021-11-19 14:30:59.419  INFO [main] EnableEncryptablePropertiesBeanFactoryPostProcessor [postProcessBeanFactory] [48] Post-processing PropertySource instances
2021-11-19 14:30:59.470  INFO [main] EncryptablePropertySourceConverter [makeEncryptable] [41] Converting PropertySource com.tssco.portalLogin.DecryptInitializer [org.springframework.core.env.PropertiesPropertySource] to EncryptableMapPropertySourceWrapper
2021-11-19 14:30:59.495  INFO [main] EncryptablePropertySourceConverter [makeEncryptable] [41] Converting PropertySource configurationProperties [org.springframework.boot.context.properties.source.ConfigurationPropertySourcesPropertySource] to AOP Proxy
2021-11-19 14:30:59.496  INFO [main] EncryptablePropertySourceConverter [makeEncryptable] [41] Converting PropertySource servletConfigInitParams [org.springframework.core.env.PropertySource$StubPropertySource] to EncryptablePropertySourceWrapper
2021-11-19 14:30:59.496  INFO [main] EncryptablePropertySourceConverter [makeEncryptable] [41] Converting PropertySource servletContextInitParams [org.springframework.core.env.PropertySource$StubPropertySource] to EncryptablePropertySourceWrapper
2021-11-19 14:30:59.497  INFO [main] EncryptablePropertySourceConverter [makeEncryptable] [41] Converting PropertySource systemProperties [org.springframework.core.env.PropertiesPropertySource] to EncryptableMapPropertySourceWrapper
2021-11-19 14:30:59.498  INFO [main] EncryptablePropertySourceConverter [makeEncryptable] [41] Converting PropertySource systemEnvironment [org.springframework.boot.env.SystemEnvironmentPropertySourceEnvironmentPostProcessor$OriginAwareSystemEnvironmentPropertySource] to EncryptableSystemEnvironmentPropertySourceWrapper
2021-11-19 14:30:59.498  INFO [main] EncryptablePropertySourceConverter [makeEncryptable] [41] Converting PropertySource random [org.springframework.boot.env.RandomValuePropertySource] to EncryptablePropertySourceWrapper
2021-11-19 14:30:59.498  INFO [main] EncryptablePropertySourceConverter [makeEncryptable] [41] Converting PropertySource Config resource 'class path resource [application-dev.yaml]' via location 'optional:classpath:/' [org.springframework.boot.env.OriginTrackedMapPropertySource] to EncryptableMapPropertySourceWrapper
2021-11-19 14:30:59.499  INFO [main] EncryptablePropertySourceConverter [makeEncryptable] [41] Converting PropertySource Config resource 'class path resource [application.yaml]' via location 'optional:classpath:/' [org.springframework.boot.env.OriginTrackedMapPropertySource] to EncryptableMapPropertySourceWrapper
2021-11-19 14:30:59.546  INFO [main] DefaultLazyPropertyFilter [lambda$null$2] [34] Property Filter custom Bean not found with name 'encryptablePropertyFilter'. Initializing Default Property Filter
2021-11-19 14:30:59.933  INFO [main] TomcatWebServer [initialize] [108] Tomcat initialized with port(s): 8886 (http)
2021-11-19 14:30:59.944  INFO [main] DirectJDKLog [log] [173] Initializing ProtocolHandler ["http-nio-8886"]
2021-11-19 14:30:59.945  INFO [main] DirectJDKLog [log] [173] Starting service [Tomcat]
2021-11-19 14:30:59.945  INFO [main] DirectJDKLog [log] [173] Starting Servlet engine: [Apache Tomcat/9.0.53]
2021-11-19 14:31:00.054  INFO [main] DirectJDKLog [log] [173] Initializing Spring embedded WebApplicationContext
2021-11-19 14:31:00.054  INFO [main] ServletWebServerApplicationContext [prepareWebApplicationContext] [290] Root WebApplicationContext: initialization completed in 2557 ms
2021-11-19 14:31:00.132  INFO [main] DefaultLazyPropertyResolver [lambda$null$2] [35] Property Resolver custom Bean not found with name 'encryptablePropertyResolver'. Initializing Default Property Resolver
2021-11-19 14:31:00.136  INFO [main] DefaultLazyPropertyDetector [lambda$null$2] [33] Property Detector custom Bean not found with name 'encryptablePropertyDetector'. Initializing Default Property Detector
2021-11-19 14:31:00.256  INFO [main] LogHelper [logPersistenceUnitInformation] [31] HHH000204: Processing PersistenceUnitInfo [name: default]
2021-11-19 14:31:00.311  INFO [main] Version [logVersion] [44] HHH000412: Hibernate ORM core version 5.4.32.Final
2021-11-19 14:31:00.472  INFO [main] JavaReflectionManager [<clinit>] [56] HCANN000001: Hibernate Commons Annotations {5.1.2.Final}
2021-11-19 14:31:00.586  INFO [main] HikariDataSource [getConnection] [110] HikariPool-1 - Starting...
2021-11-19 14:31:01.035  INFO [main] HikariDataSource [getConnection] [123] HikariPool-1 - Start completed.
2021-11-19 14:31:01.055  INFO [main] Dialect [<init>] [175] HHH000400: Using dialect: org.hibernate.dialect.MySQL5InnoDBDialect
2021-11-19 14:31:02.038  INFO [main] JtaPlatformInitiator [initiateService] [52] HHH000490: Using JtaPlatform implementation: [org.hibernate.engine.transaction.jta.platform.internal.NoJtaPlatform]
2021-11-19 14:31:02.047  INFO [main] AbstractEntityManagerFactoryBean [buildNativeEntityManagerFactory] [437] Initialized JPA EntityManagerFactory for persistence unit 'default'
2021-11-19 14:31:02.119  WARN [main] JpaBaseConfiguration$JpaWebConfiguration [openEntityManagerInViewInterceptor] [219] spring.jpa.open-in-view is enabled by default. Therefore, database queries may be performed during view rendering. Explicitly configure spring.jpa.open-in-view to disable this warning
2021-11-19 14:31:03.297  INFO [main] UserDetailsServiceAutoConfiguration [getOrDeducePassword] [86] 

Using generated security password: 9004144a-7201-4224-8831-a1d8263bc34f

2021-11-19 14:31:03.410  INFO [main] DefaultSecurityFilterChain [<init>] [51] Will secure any request with [org.springframework.security.web.context.request.async.WebAsyncManagerIntegrationFilter@68ad030d, org.springframework.security.web.context.SecurityContextPersistenceFilter@7b6d88d1, org.springframework.security.web.header.HeaderWriterFilter@1e95fc31, org.springframework.security.web.authentication.logout.LogoutFilter@71904ea8, org.springframework.security.web.savedrequest.RequestCacheAwareFilter@38159192, org.springframework.security.web.servletapi.SecurityContextHolderAwareRequestFilter@567412db, org.springframework.security.web.authentication.AnonymousAuthenticationFilter@71de943f, org.springframework.security.web.session.SessionManagementFilter@419dbd6d, org.springframework.security.web.access.ExceptionTranslationFilter@5f84e764, org.springframework.security.web.access.intercept.FilterSecurityInterceptor@407956a5]
2021-11-19 14:31:03.936  INFO [main] DirectJDKLog [log] [173] Starting ProtocolHandler ["http-nio-8886"]
2021-11-19 14:31:03.964  INFO [main] TomcatWebServer [start] [220] Tomcat started on port(s): 8886 (http) with context path ''
2021-11-19 14:31:04.252  INFO [main] StartupInfoLogger [logStarted] [61] Started PortalLoginApplication in 7.414 seconds (JVM running for 8.496)
2021-11-19 14:31:47.766  INFO [http-nio-8886-exec-1] DirectJDKLog [log] [173] Initializing Spring DispatcherServlet 'dispatcherServlet'
2021-11-19 14:31:47.766  INFO [http-nio-8886-exec-1] FrameworkServlet [initServletBean] [525] Initializing Servlet 'dispatcherServlet'
2021-11-19 14:31:47.769  INFO [http-nio-8886-exec-1] FrameworkServlet [initServletBean] [547] Completed initialization in 2 ms
2021-11-19 14:31:48.748  INFO [http-nio-8886-exec-1] RedisUtils [set] [27] Set redis success : {account=J1040083, token=eyJhbGciOiJIUzUxMiJ9.eyJ1c2VyTmFtZSI6IkoxMDQwMDgzIiwiZXhwIjoxNjM3OTA4MzA4LCJ1c2VyaWQiOiIxMjMxMjM0MyJ9.IM52zy8f2-n-lKCsJuNQN6k-HuT6qcF8QrzYQX85ww_wrBxProwmgpVL1Y6F7FfA9IfzxyX2htGBDHeN1oq5kA}
2021-11-19 14:42:09.434  WARN [HikariPool-1 housekeeper] HikariPool$HouseKeeper [run] [788] HikariPool-1 - Thread starvation or clock leap detected (housekeeper delta=1m38s251ms).
2021-11-19 14:47:54.586  WARN [HikariPool-1 housekeeper] HikariPool$HouseKeeper [run] [788] HikariPool-1 - Thread starvation or clock leap detected (housekeeper delta=2m45s78ms).
2021-11-19 14:54:34.856 ERROR [http-nio-8886-exec-3] RedisUtils [set] [29] Set redis fail : org.springframework.dao.QueryTimeoutException: Redis command timed out; nested exception is io.lettuce.core.RedisCommandTimeoutException: Command timed out after 1 minute(s)
2021-11-19 14:54:48.616 ERROR [http-nio-8886-exec-4] RedisUtils [set] [29] Set redis fail : org.springframework.dao.QueryTimeoutException: Redis command timed out; nested exception is io.lettuce.core.RedisCommandTimeoutException: Command timed out after 1 minute(s)
2021-11-19 14:55:04.884  INFO [lettuce-eventExecutorLoop-1-6] AbstractInternalLogger [log] [171] Reconnecting, last destination was /10.41.0.225:30999
2021-11-19 14:55:05.027  INFO [lettuce-nioEventLoop-4-2] ReconnectionHandler [lambda$null$3] [174] Reconnected to 10.41.0.225:30999
2021-11-19 14:55:05.117  INFO [http-nio-8886-exec-5] RedisUtils [set] [27] Set redis success : {account=J1040083, token=eyJhbGciOiJIUzUxMiJ9.eyJ1c2VyTmFtZSI6IkoxMDQwMDgzIiwiZXhwIjoxNjM3OTA5Njc2LCJ1c2VyaWQiOiIxMjMxMjM0MyJ9.trQ26B2Ibq6lbvmzYdN79hdjSRwO-8CTti_b0UwKpqzZ5HTLhqF047TA8ZY-ZSUtgD6gTqpn7u6kkrUO1VAVrQ}
2021-11-19 14:55:07.358  INFO [http-nio-8886-exec-8] RedisUtils [set] [27] Set redis success : {account=J1040083, token=eyJhbGciOiJIUzUxMiJ9.eyJ1c2VyTmFtZSI6IkoxMDQwMDgzIiwiZXhwIjoxNjM3OTA5NzA3LCJ1c2VyaWQiOiIxMjMxMjM0MyJ9.fTge7YfaZbK3B8veLWzA0qEUzb1aWIBkZdK8rqWDzs0cVcvDi-H1R4TKNBVKYrxLI3Xjjti6frb7R0roY4sV7w}
2021-11-19 14:55:10.567  INFO [http-nio-8886-exec-9] RedisUtils [set] [27] Set redis success : {account=J1040083, token=eyJhbGciOiJIUzUxMiJ9.eyJ1c2VyTmFtZSI6IkoxMDQwMDgzIiwiZXhwIjoxNjM3OTA5NzEwLCJ1c2VyaWQiOiIxMjMxMjM0MyJ9.WnvVRrNTFnm1QOb0K9ELRrGrvrjyqIpCbLpni-kDk1VxmlXfgz4kxguX2AStj6bSEdan11o31DO5CwnGZINdlA}
2021-11-19 14:55:12.830  INFO [http-nio-8886-exec-10] RedisUtils [set] [27] Set redis success : {account=J1040083, token=eyJhbGciOiJIUzUxMiJ9.eyJ1c2VyTmFtZSI6IkoxMDQwMDgzIiwiZXhwIjoxNjM3OTA5NzEyLCJ1c2VyaWQiOiIxMjMxMjM0MyJ9.uObyqAQAzmOYacRTWwvrUEja1Lhs5Phc6PHdMengkB8CBT2cp0OqCUc4u8Fe-TBQKxCXvNum7CSDhx3OCHoa-Q}
2021-11-19 15:01:05.574  INFO [http-nio-8886-exec-4] RedisUtils [set] [27] Set redis success : {account=J1040083, token=eyJhbGciOiJIUzUxMiJ9.eyJ1c2VyTmFtZSI6IkoxMDQwMDgzIiwiZXhwIjoxNjM3OTEwMDY1LCJ1c2VyaWQiOiIxMjMxMjM0MyJ9.SN6d88qNMVmzDqcHLkH-XA1XDsQAOPaCdJiJakLikPvPe_AzMcgwsTQce5Tib9ubx8rCoBX1tP67ME_ls88W4w}
2021-11-19 15:02:06.130  INFO [http-nio-8886-exec-7] RedisUtils [set] [27] Set redis success : {account=J1040083, token=eyJhbGciOiJIUzUxMiJ9.eyJ1c2VyTmFtZSI6IkoxMDQwMDgzIiwiZXhwIjoxNjM3OTEwMTI1LCJ1c2VyaWQiOiIxMjMxMjM0MyJ9.3JwQK7xvVgkANP1r4_lZ8XmaO88UJNeldfpXw4rnc_ewf5UxI-p-2lku9X1iP2pSy-lvvx3pUYYm5UfncZAoUA}
2021-11-19 15:52:50.932  WARN [HikariPool-1 housekeeper] HikariPool$HouseKeeper [run] [788] HikariPool-1 - Thread starvation or clock leap detected (housekeeper delta=55s963ms).
2021-11-19 16:17:38.557 ERROR [http-nio-8886-exec-9] RedisUtils [set] [29] Set redis fail : org.springframework.data.redis.RedisSystemException: Redis command interrupted; nested exception is io.lettuce.core.RedisCommandInterruptedException: Command interrupted
2021-11-19 16:17:38.805  INFO [SpringApplicationShutdownHook] AbstractEntityManagerFactoryBean [destroy] [651] Closing JPA EntityManagerFactory for persistence unit 'default'
2021-11-19 16:17:38.821  INFO [SpringApplicationShutdownHook] HikariDataSource [close] [350] HikariPool-1 - Shutdown initiated...
2021-11-19 16:17:38.839  INFO [SpringApplicationShutdownHook] HikariDataSource [close] [352] HikariPool-1 - Shutdown completed.
2021-11-19 16:17:40.910  INFO [background-preinit] Version [<clinit>] [21] HV000001: Hibernate Validator 6.2.0.Final
2021-11-19 16:17:40.971  INFO [main] StartupInfoLogger [logStarting] [55] Starting PortalLoginApplication using Java 11.0.12 on WongdeMacBook-Pro.local with PID 26573 (/Users/wongrainie/Project/springboot/portalLogin/target/classes started by wongrainie in /Users/wongrainie/Project/springboot/portalLogin)
2021-11-19 16:17:40.982  INFO [main] SpringApplication [logStartupProfileInfo] [663] The following profiles are active: dev
2021-11-19 16:17:42.207  INFO [main] RepositoryConfigurationDelegate [multipleStoresDetected] [262] Multiple Spring Data modules found, entering strict repository configuration mode!
2021-11-19 16:17:42.210  INFO [main] RepositoryConfigurationDelegate [registerRepositoriesIn] [132] Bootstrapping Spring Data JPA repositories in DEFAULT mode.
2021-11-19 16:17:42.405  INFO [main] RepositoryConfigurationDelegate [registerRepositoriesIn] [201] Finished Spring Data repository scanning in 185 ms. Found 3 JPA repository interfaces.
2021-11-19 16:17:42.420  INFO [main] RepositoryConfigurationDelegate [multipleStoresDetected] [262] Multiple Spring Data modules found, entering strict repository configuration mode!
2021-11-19 16:17:42.422  INFO [main] RepositoryConfigurationDelegate [registerRepositoriesIn] [132] Bootstrapping Spring Data Redis repositories in DEFAULT mode.
2021-11-19 16:17:42.436  INFO [main] RepositoryConfigurationExtensionSupport [isStrictRepositoryCandidate] [349] Spring Data Redis - Could not safely identify store assignment for repository candidate interface com.tssco.portalLogin.Repository.HREmpRepository. If you want this repository to be a Redis repository, consider annotating your entities with one of these annotations: org.springframework.data.redis.core.RedisHash (preferred), or consider extending one of the following types with your repository: org.springframework.data.keyvalue.repository.KeyValueRepository.
2021-11-19 16:17:42.438  INFO [main] RepositoryConfigurationExtensionSupport [isStrictRepositoryCandidate] [349] Spring Data Redis - Could not safely identify store assignment for repository candidate interface com.tssco.portalLogin.Repository.PTCodeRepository. If you want this repository to be a Redis repository, consider annotating your entities with one of these annotations: org.springframework.data.redis.core.RedisHash (preferred), or consider extending one of the following types with your repository: org.springframework.data.keyvalue.repository.KeyValueRepository.
2021-11-19 16:17:42.439  INFO [main] RepositoryConfigurationExtensionSupport [isStrictRepositoryCandidate] [349] Spring Data Redis - Could not safely identify store assignment for repository candidate interface com.tssco.portalLogin.Repository.PTSysRepository. If you want this repository to be a Redis repository, consider annotating your entities with one of these annotations: org.springframework.data.redis.core.RedisHash (preferred), or consider extending one of the following types with your repository: org.springframework.data.keyvalue.repository.KeyValueRepository.
2021-11-19 16:17:42.439  INFO [main] RepositoryConfigurationDelegate [registerRepositoriesIn] [201] Finished Spring Data repository scanning in 9 ms. Found 0 Redis repository interfaces.
2021-11-19 16:17:42.778  INFO [main] EnableEncryptablePropertiesBeanFactoryPostProcessor [postProcessBeanFactory] [48] Post-processing PropertySource instances
2021-11-19 16:17:42.826  INFO [main] EncryptablePropertySourceConverter [makeEncryptable] [41] Converting PropertySource com.tssco.portalLogin.DecryptInitializer [org.springframework.core.env.PropertiesPropertySource] to EncryptableMapPropertySourceWrapper
2021-11-19 16:17:42.854  INFO [main] EncryptablePropertySourceConverter [makeEncryptable] [41] Converting PropertySource configurationProperties [org.springframework.boot.context.properties.source.ConfigurationPropertySourcesPropertySource] to AOP Proxy
2021-11-19 16:17:42.855  INFO [main] EncryptablePropertySourceConverter [makeEncryptable] [41] Converting PropertySource servletConfigInitParams [org.springframework.core.env.PropertySource$StubPropertySource] to EncryptablePropertySourceWrapper
2021-11-19 16:17:42.855  INFO [main] EncryptablePropertySourceConverter [makeEncryptable] [41] Converting PropertySource servletContextInitParams [org.springframework.core.env.PropertySource$StubPropertySource] to EncryptablePropertySourceWrapper
2021-11-19 16:17:42.856  INFO [main] EncryptablePropertySourceConverter [makeEncryptable] [41] Converting PropertySource systemProperties [org.springframework.core.env.PropertiesPropertySource] to EncryptableMapPropertySourceWrapper
2021-11-19 16:17:42.857  INFO [main] EncryptablePropertySourceConverter [makeEncryptable] [41] Converting PropertySource systemEnvironment [org.springframework.boot.env.SystemEnvironmentPropertySourceEnvironmentPostProcessor$OriginAwareSystemEnvironmentPropertySource] to EncryptableSystemEnvironmentPropertySourceWrapper
2021-11-19 16:17:42.857  INFO [main] EncryptablePropertySourceConverter [makeEncryptable] [41] Converting PropertySource random [org.springframework.boot.env.RandomValuePropertySource] to EncryptablePropertySourceWrapper
2021-11-19 16:17:42.857  INFO [main] EncryptablePropertySourceConverter [makeEncryptable] [41] Converting PropertySource Config resource 'class path resource [application-dev.yaml]' via location 'optional:classpath:/' [org.springframework.boot.env.OriginTrackedMapPropertySource] to EncryptableMapPropertySourceWrapper
2021-11-19 16:17:42.858  INFO [main] EncryptablePropertySourceConverter [makeEncryptable] [41] Converting PropertySource Config resource 'class path resource [application.yaml]' via location 'optional:classpath:/' [org.springframework.boot.env.OriginTrackedMapPropertySource] to EncryptableMapPropertySourceWrapper
2021-11-19 16:17:42.909  INFO [main] DefaultLazyPropertyFilter [lambda$null$2] [34] Property Filter custom Bean not found with name 'encryptablePropertyFilter'. Initializing Default Property Filter
2021-11-19 16:17:43.310  INFO [main] TomcatWebServer [initialize] [108] Tomcat initialized with port(s): 8886 (http)
2021-11-19 16:17:43.320  INFO [main] DirectJDKLog [log] [173] Initializing ProtocolHandler ["http-nio-8886"]
2021-11-19 16:17:43.321  INFO [main] DirectJDKLog [log] [173] Starting service [Tomcat]
2021-11-19 16:17:43.321  INFO [main] DirectJDKLog [log] [173] Starting Servlet engine: [Apache Tomcat/9.0.53]
2021-11-19 16:17:43.434  INFO [main] DirectJDKLog [log] [173] Initializing Spring embedded WebApplicationContext
2021-11-19 16:17:43.434  INFO [main] ServletWebServerApplicationContext [prepareWebApplicationContext] [290] Root WebApplicationContext: initialization completed in 2370 ms
2021-11-19 16:17:43.513  INFO [main] DefaultLazyPropertyResolver [lambda$null$2] [35] Property Resolver custom Bean not found with name 'encryptablePropertyResolver'. Initializing Default Property Resolver
2021-11-19 16:17:43.518  INFO [main] DefaultLazyPropertyDetector [lambda$null$2] [33] Property Detector custom Bean not found with name 'encryptablePropertyDetector'. Initializing Default Property Detector
2021-11-19 16:17:43.651  INFO [main] LogHelper [logPersistenceUnitInformation] [31] HHH000204: Processing PersistenceUnitInfo [name: default]
2021-11-19 16:17:43.719  INFO [main] Version [logVersion] [44] HHH000412: Hibernate ORM core version 5.4.32.Final
2021-11-19 16:17:43.903  INFO [main] JavaReflectionManager [<clinit>] [56] HCANN000001: Hibernate Commons Annotations {5.1.2.Final}
2021-11-19 16:17:44.031  INFO [main] HikariDataSource [getConnection] [110] HikariPool-1 - Starting...
2021-11-19 16:17:44.548  INFO [main] HikariDataSource [getConnection] [123] HikariPool-1 - Start completed.
2021-11-19 16:17:44.568  INFO [main] Dialect [<init>] [175] HHH000400: Using dialect: org.hibernate.dialect.MySQL5InnoDBDialect
2021-11-19 16:17:45.503  INFO [main] JtaPlatformInitiator [initiateService] [52] HHH000490: Using JtaPlatform implementation: [org.hibernate.engine.transaction.jta.platform.internal.NoJtaPlatform]
2021-11-19 16:17:45.514  INFO [main] AbstractEntityManagerFactoryBean [buildNativeEntityManagerFactory] [437] Initialized JPA EntityManagerFactory for persistence unit 'default'
2021-11-19 16:17:45.583  WARN [main] JpaBaseConfiguration$JpaWebConfiguration [openEntityManagerInViewInterceptor] [219] spring.jpa.open-in-view is enabled by default. Therefore, database queries may be performed during view rendering. Explicitly configure spring.jpa.open-in-view to disable this warning
2021-11-19 16:17:46.711  INFO [main] UserDetailsServiceAutoConfiguration [getOrDeducePassword] [86] 

Using generated security password: db5cf56e-9d78-43ab-bb78-51a4744108a4

2021-11-19 16:17:46.827  INFO [main] DefaultSecurityFilterChain [<init>] [51] Will secure any request with [org.springframework.security.web.context.request.async.WebAsyncManagerIntegrationFilter@4eef8498, org.springframework.security.web.context.SecurityContextPersistenceFilter@2181144e, org.springframework.security.web.header.HeaderWriterFilter@7b6d88d1, org.springframework.security.web.authentication.logout.LogoutFilter@40fd9358, org.springframework.security.web.savedrequest.RequestCacheAwareFilter@582b6362, org.springframework.security.web.servletapi.SecurityContextHolderAwareRequestFilter@34dc40d5, org.springframework.security.web.authentication.AnonymousAuthenticationFilter@4b158e16, org.springframework.security.web.session.SessionManagementFilter@38159192, org.springframework.security.web.access.ExceptionTranslationFilter@419dbd6d, org.springframework.security.web.access.intercept.FilterSecurityInterceptor@679f3e12]
2021-11-19 16:17:47.311  INFO [main] DirectJDKLog [log] [173] Starting ProtocolHandler ["http-nio-8886"]
2021-11-19 16:17:47.337  INFO [main] TomcatWebServer [start] [220] Tomcat started on port(s): 8886 (http) with context path ''
2021-11-19 16:17:47.611  INFO [main] StartupInfoLogger [logStarted] [61] Started PortalLoginApplication in 7.19 seconds (JVM running for 8.418)
2021-11-19 16:18:42.224  INFO [http-nio-8886-exec-1] DirectJDKLog [log] [173] Initializing Spring DispatcherServlet 'dispatcherServlet'
2021-11-19 16:18:42.225  INFO [http-nio-8886-exec-1] FrameworkServlet [initServletBean] [525] Initializing Servlet 'dispatcherServlet'
2021-11-19 16:18:42.227  INFO [http-nio-8886-exec-1] FrameworkServlet [initServletBean] [547] Completed initialization in 2 ms
2021-11-19 17:22:32.276  WARN [HikariPool-1 housekeeper] HikariPool$HouseKeeper [run] [788] HikariPool-1 - Thread starvation or clock leap detected (housekeeper delta=4m17s233ms).
2021-11-19 17:41:19.864  WARN [HikariPool-1 housekeeper] HikariPool$HouseKeeper [run] [788] HikariPool-1 - Thread starvation or clock leap detected (housekeeper delta=5m17s456ms).
2021-11-19 18:39:23.273  WARN [HikariPool-1 housekeeper] HikariPool$HouseKeeper [run] [788] HikariPool-1 - Thread starvation or clock leap detected (housekeeper delta=5m32s980ms).
2021-11-19 19:17:52.935  WARN [HikariPool-1 housekeeper] HikariPool$HouseKeeper [run] [788] HikariPool-1 - Thread starvation or clock leap detected (housekeeper delta=29m59s612ms).
2021-11-19 20:02:53.095  WARN [HikariPool-1 housekeeper] HikariPool$HouseKeeper [run] [788] HikariPool-1 - Thread starvation or clock leap detected (housekeeper delta=45m162ms).
2021-11-19 20:23:30.015  WARN [HikariPool-1 housekeeper] HikariPool$HouseKeeper [run] [788] HikariPool-1 - Thread starvation or clock leap detected (housekeeper delta=20m36s918ms).
2021-11-19 20:49:19.749  WARN [HikariPool-1 housekeeper] HikariPool$HouseKeeper [run] [788] HikariPool-1 - Thread starvation or clock leap detected (housekeeper delta=25m49s145ms).
