2021-11-22 08:05:00.651  WARN [HikariPool-1 housekeeper] HikariPool$HouseKeeper [run] [788] HikariPool-1 - Thread starvation or clock leap detected (housekeeper delta=11h17m21s641ms).
2021-11-22 08:05:30.339  WARN [HikariPool-1 housekeeper] HikariPool$HouseKeeper [run] [780] HikariPool-1 - Retrograde clock change detected (housekeeper delta=29s690ms), soft-evicting connections from pool.
2021-11-22 08:09:57.269  INFO [SpringApplicationShutdownHook] AbstractEntityManagerFactoryBean [destroy] [651] Closing JPA EntityManagerFactory for persistence unit 'default'
2021-11-22 08:09:57.292  INFO [SpringApplicationShutdownHook] HikariDataSource [close] [350] HikariPool-1 - Shutdown initiated...
2021-11-22 08:09:57.304  INFO [SpringApplicationShutdownHook] HikariDataSource [close] [352] HikariPool-1 - Shutdown completed.
2021-11-22 08:10:06.040  INFO [background-preinit] Version [<clinit>] [21] HV000001: Hibernate Validator 6.2.0.Final
2021-11-22 08:10:06.111  INFO [main] StartupInfoLogger [logStarting] [55] Starting PortalLoginApplication using Java 11.0.12 on WongdeMacBook-Pro.local with PID 33811 (/Users/wongrainie/Project/springboot/portalLogin/target/classes started by wongrainie in /Users/wongrainie/Project/springboot/portalLogin)
2021-11-22 08:10:06.116  INFO [main] SpringApplication [logStartupProfileInfo] [663] The following profiles are active: dev
2021-11-22 08:10:07.451  INFO [main] RepositoryConfigurationDelegate [multipleStoresDetected] [262] Multiple Spring Data modules found, entering strict repository configuration mode!
2021-11-22 08:10:07.454  INFO [main] RepositoryConfigurationDelegate [registerRepositoriesIn] [132] Bootstrapping Spring Data JPA repositories in DEFAULT mode.
2021-11-22 08:10:07.691  INFO [main] RepositoryConfigurationDelegate [registerRepositoriesIn] [201] Finished Spring Data repository scanning in 226 ms. Found 3 JPA repository interfaces.
2021-11-22 08:10:07.714  INFO [main] RepositoryConfigurationDelegate [multipleStoresDetected] [262] Multiple Spring Data modules found, entering strict repository configuration mode!
2021-11-22 08:10:07.715  INFO [main] RepositoryConfigurationDelegate [registerRepositoriesIn] [132] Bootstrapping Spring Data Redis repositories in DEFAULT mode.
2021-11-22 08:10:07.736  INFO [main] RepositoryConfigurationExtensionSupport [isStrictRepositoryCandidate] [349] Spring Data Redis - Could not safely identify store assignment for repository candidate interface com.tssco.portalLogin.Repository.HREmpRepository. If you want this repository to be a Redis repository, consider annotating your entities with one of these annotations: org.springframework.data.redis.core.RedisHash (preferred), or consider extending one of the following types with your repository: org.springframework.data.keyvalue.repository.KeyValueRepository.
2021-11-22 08:10:07.738  INFO [main] RepositoryConfigurationExtensionSupport [isStrictRepositoryCandidate] [349] Spring Data Redis - Could not safely identify store assignment for repository candidate interface com.tssco.portalLogin.Repository.PTCodeRepository. If you want this repository to be a Redis repository, consider annotating your entities with one of these annotations: org.springframework.data.redis.core.RedisHash (preferred), or consider extending one of the following types with your repository: org.springframework.data.keyvalue.repository.KeyValueRepository.
2021-11-22 08:10:07.739  INFO [main] RepositoryConfigurationExtensionSupport [isStrictRepositoryCandidate] [349] Spring Data Redis - Could not safely identify store assignment for repository candidate interface com.tssco.portalLogin.Repository.PTSysRepository. If you want this repository to be a Redis repository, consider annotating your entities with one of these annotations: org.springframework.data.redis.core.RedisHash (preferred), or consider extending one of the following types with your repository: org.springframework.data.keyvalue.repository.KeyValueRepository.
2021-11-22 08:10:07.740  INFO [main] RepositoryConfigurationDelegate [registerRepositoriesIn] [201] Finished Spring Data repository scanning in 10 ms. Found 0 Redis repository interfaces.
2021-11-22 08:10:08.094  INFO [main] EnableEncryptablePropertiesBeanFactoryPostProcessor [postProcessBeanFactory] [48] Post-processing PropertySource instances
2021-11-22 08:10:08.141  INFO [main] EncryptablePropertySourceConverter [makeEncryptable] [41] Converting PropertySource com.tssco.portalLogin.DecryptInitializer [org.springframework.core.env.PropertiesPropertySource] to EncryptableMapPropertySourceWrapper
2021-11-22 08:10:08.168  INFO [main] EncryptablePropertySourceConverter [makeEncryptable] [41] Converting PropertySource configurationProperties [org.springframework.boot.context.properties.source.ConfigurationPropertySourcesPropertySource] to AOP Proxy
2021-11-22 08:10:08.169  INFO [main] EncryptablePropertySourceConverter [makeEncryptable] [41] Converting PropertySource servletConfigInitParams [org.springframework.core.env.PropertySource$StubPropertySource] to EncryptablePropertySourceWrapper
2021-11-22 08:10:08.169  INFO [main] EncryptablePropertySourceConverter [makeEncryptable] [41] Converting PropertySource servletContextInitParams [org.springframework.core.env.PropertySource$StubPropertySource] to EncryptablePropertySourceWrapper
2021-11-22 08:10:08.170  INFO [main] EncryptablePropertySourceConverter [makeEncryptable] [41] Converting PropertySource systemProperties [org.springframework.core.env.PropertiesPropertySource] to EncryptableMapPropertySourceWrapper
2021-11-22 08:10:08.171  INFO [main] EncryptablePropertySourceConverter [makeEncryptable] [41] Converting PropertySource systemEnvironment [org.springframework.boot.env.SystemEnvironmentPropertySourceEnvironmentPostProcessor$OriginAwareSystemEnvironmentPropertySource] to EncryptableSystemEnvironmentPropertySourceWrapper
2021-11-22 08:10:08.171  INFO [main] EncryptablePropertySourceConverter [makeEncryptable] [41] Converting PropertySource random [org.springframework.boot.env.RandomValuePropertySource] to EncryptablePropertySourceWrapper
2021-11-22 08:10:08.172  INFO [main] EncryptablePropertySourceConverter [makeEncryptable] [41] Converting PropertySource Config resource 'class path resource [application-dev.yaml]' via location 'optional:classpath:/' [org.springframework.boot.env.OriginTrackedMapPropertySource] to EncryptableMapPropertySourceWrapper
2021-11-22 08:10:08.172  INFO [main] EncryptablePropertySourceConverter [makeEncryptable] [41] Converting PropertySource Config resource 'class path resource [application.yaml]' via location 'optional:classpath:/' [org.springframework.boot.env.OriginTrackedMapPropertySource] to EncryptableMapPropertySourceWrapper
2021-11-22 08:10:08.226  INFO [main] DefaultLazyPropertyFilter [lambda$null$2] [34] Property Filter custom Bean not found with name 'encryptablePropertyFilter'. Initializing Default Property Filter
2021-11-22 08:10:08.618  INFO [main] TomcatWebServer [initialize] [108] Tomcat initialized with port(s): 8886 (http)
2021-11-22 08:10:08.630  INFO [main] DirectJDKLog [log] [173] Initializing ProtocolHandler ["http-nio-8886"]
2021-11-22 08:10:08.631  INFO [main] DirectJDKLog [log] [173] Starting service [Tomcat]
2021-11-22 08:10:08.631  INFO [main] DirectJDKLog [log] [173] Starting Servlet engine: [Apache Tomcat/9.0.53]
2021-11-22 08:10:08.748  INFO [main] DirectJDKLog [log] [173] Initializing Spring embedded WebApplicationContext
2021-11-22 08:10:08.748  INFO [main] ServletWebServerApplicationContext [prepareWebApplicationContext] [290] Root WebApplicationContext: initialization completed in 2576 ms
2021-11-22 08:10:08.835  INFO [main] DefaultLazyPropertyResolver [lambda$null$2] [35] Property Resolver custom Bean not found with name 'encryptablePropertyResolver'. Initializing Default Property Resolver
2021-11-22 08:10:08.839  INFO [main] DefaultLazyPropertyDetector [lambda$null$2] [33] Property Detector custom Bean not found with name 'encryptablePropertyDetector'. Initializing Default Property Detector
2021-11-22 08:10:08.970  INFO [main] LogHelper [logPersistenceUnitInformation] [31] HHH000204: Processing PersistenceUnitInfo [name: default]
2021-11-22 08:10:09.058  INFO [main] Version [logVersion] [44] HHH000412: Hibernate ORM core version 5.4.32.Final
2021-11-22 08:10:09.240  INFO [main] JavaReflectionManager [<clinit>] [56] HCANN000001: Hibernate Commons Annotations {5.1.2.Final}
2021-11-22 08:10:09.379  INFO [main] HikariDataSource [getConnection] [110] HikariPool-1 - Starting...
2021-11-22 08:10:10.010  INFO [main] HikariDataSource [getConnection] [123] HikariPool-1 - Start completed.
2021-11-22 08:10:10.034  INFO [main] Dialect [<init>] [175] HHH000400: Using dialect: org.hibernate.dialect.MySQL5InnoDBDialect
2021-11-22 08:10:10.965  INFO [main] JtaPlatformInitiator [initiateService] [52] HHH000490: Using JtaPlatform implementation: [org.hibernate.engine.transaction.jta.platform.internal.NoJtaPlatform]
2021-11-22 08:10:10.976  INFO [main] AbstractEntityManagerFactoryBean [buildNativeEntityManagerFactory] [437] Initialized JPA EntityManagerFactory for persistence unit 'default'
2021-11-22 08:10:11.042  WARN [main] JpaBaseConfiguration$JpaWebConfiguration [openEntityManagerInViewInterceptor] [219] spring.jpa.open-in-view is enabled by default. Therefore, database queries may be performed during view rendering. Explicitly configure spring.jpa.open-in-view to disable this warning
2021-11-22 08:10:12.273  INFO [main] UserDetailsServiceAutoConfiguration [getOrDeducePassword] [86] 

Using generated security password: c90e6b47-2b86-4b60-b626-580d34931381

2021-11-22 08:10:12.406  INFO [main] DefaultSecurityFilterChain [<init>] [51] Will secure any request with [org.springframework.security.web.context.request.async.WebAsyncManagerIntegrationFilter@10ef09e3, org.springframework.security.web.context.SecurityContextPersistenceFilter@2e89310c, org.springframework.security.web.header.HeaderWriterFilter@2181144e, org.springframework.security.web.authentication.logout.LogoutFilter@49825659, org.springframework.security.web.savedrequest.RequestCacheAwareFilter@567412db, org.springframework.security.web.servletapi.SecurityContextHolderAwareRequestFilter@36e6e59f, org.springframework.security.web.authentication.AnonymousAuthenticationFilter@776d50d6, org.springframework.security.web.session.SessionManagementFilter@582b6362, org.springframework.security.web.access.ExceptionTranslationFilter@38159192, org.springframework.security.web.access.intercept.FilterSecurityInterceptor@68ad030d]
2021-11-22 08:10:12.879  INFO [main] DirectJDKLog [log] [173] Starting ProtocolHandler ["http-nio-8886"]
2021-11-22 08:10:12.912  INFO [main] TomcatWebServer [start] [220] Tomcat started on port(s): 8886 (http) with context path ''
2021-11-22 08:10:13.147  INFO [main] StartupInfoLogger [logStarted] [61] Started PortalLoginApplication in 7.731 seconds (JVM running for 9.343)
2021-11-22 08:11:54.518  INFO [http-nio-8886-exec-1] DirectJDKLog [log] [173] Initializing Spring DispatcherServlet 'dispatcherServlet'
2021-11-22 08:11:54.519  INFO [http-nio-8886-exec-1] FrameworkServlet [initServletBean] [525] Initializing Servlet 'dispatcherServlet'
2021-11-22 08:11:54.522  INFO [http-nio-8886-exec-1] FrameworkServlet [initServletBean] [547] Completed initialization in 2 ms
2021-11-22 09:57:59.858  WARN [HikariPool-1 housekeeper] HikariPool$HouseKeeper [run] [788] HikariPool-1 - Thread starvation or clock leap detected (housekeeper delta=35m49s337ms).
2021-11-22 10:01:56.996  WARN [HikariPool-1 housekeeper] HikariPool$HouseKeeper [run] [788] HikariPool-1 - Thread starvation or clock leap detected (housekeeper delta=57s96ms).
2021-11-22 10:07:19.894  WARN [HikariPool-1 housekeeper] HikariPool$HouseKeeper [run] [788] HikariPool-1 - Thread starvation or clock leap detected (housekeeper delta=2m52s872ms).
2021-11-22 12:09:20.777  WARN [HikariPool-1 housekeeper] HikariPool$HouseKeeper [run] [788] HikariPool-1 - Thread starvation or clock leap detected (housekeeper delta=8m174ms).
2021-11-22 12:54:06.380  WARN [HikariPool-1 housekeeper] HikariPool$HouseKeeper [run] [788] HikariPool-1 - Thread starvation or clock leap detected (housekeeper delta=44m14s748ms).
2021-11-22 13:03:47.074  WARN [HikariPool-1 housekeeper] HikariPool$HouseKeeper [run] [788] HikariPool-1 - Thread starvation or clock leap detected (housekeeper delta=9m41s454ms).
2021-11-22 13:55:49.393  INFO [SpringApplicationShutdownHook] AbstractEntityManagerFactoryBean [destroy] [651] Closing JPA EntityManagerFactory for persistence unit 'default'
2021-11-22 13:55:49.433  INFO [SpringApplicationShutdownHook] HikariDataSource [close] [350] HikariPool-1 - Shutdown initiated...
2021-11-22 13:55:49.453  INFO [SpringApplicationShutdownHook] HikariDataSource [close] [352] HikariPool-1 - Shutdown completed.
2021-11-22 13:56:37.836  INFO [background-preinit] Version [<clinit>] [21] HV000001: Hibernate Validator 6.2.0.Final
2021-11-22 13:56:37.903  INFO [main] StartupInfoLogger [logStarting] [55] Starting PortalLoginApplication using Java 11.0.12 on WongdeMacBook-Pro.local with PID 48068 (/Users/wongrainie/Project/springboot/portalLogin/target/classes started by wongrainie in /Users/wongrainie/Project/springboot/portalLogin)
2021-11-22 13:56:37.907  INFO [main] SpringApplication [logStartupProfileInfo] [663] The following profiles are active: dev
2021-11-22 13:56:39.564  INFO [main] RepositoryConfigurationDelegate [multipleStoresDetected] [262] Multiple Spring Data modules found, entering strict repository configuration mode!
2021-11-22 13:56:39.569  INFO [main] RepositoryConfigurationDelegate [registerRepositoriesIn] [132] Bootstrapping Spring Data JPA repositories in DEFAULT mode.
2021-11-22 13:56:39.877  INFO [main] RepositoryConfigurationDelegate [registerRepositoriesIn] [201] Finished Spring Data repository scanning in 295 ms. Found 3 JPA repository interfaces.
2021-11-22 13:56:39.910  INFO [main] RepositoryConfigurationDelegate [multipleStoresDetected] [262] Multiple Spring Data modules found, entering strict repository configuration mode!
2021-11-22 13:56:39.912  INFO [main] RepositoryConfigurationDelegate [registerRepositoriesIn] [132] Bootstrapping Spring Data Redis repositories in DEFAULT mode.
2021-11-22 13:56:39.938  INFO [main] RepositoryConfigurationExtensionSupport [isStrictRepositoryCandidate] [349] Spring Data Redis - Could not safely identify store assignment for repository candidate interface com.tssco.portalLogin.Repository.HREmpRepository. If you want this repository to be a Redis repository, consider annotating your entities with one of these annotations: org.springframework.data.redis.core.RedisHash (preferred), or consider extending one of the following types with your repository: org.springframework.data.keyvalue.repository.KeyValueRepository.
2021-11-22 13:56:39.941  INFO [main] RepositoryConfigurationExtensionSupport [isStrictRepositoryCandidate] [349] Spring Data Redis - Could not safely identify store assignment for repository candidate interface com.tssco.portalLogin.Repository.PTCodeRepository. If you want this repository to be a Redis repository, consider annotating your entities with one of these annotations: org.springframework.data.redis.core.RedisHash (preferred), or consider extending one of the following types with your repository: org.springframework.data.keyvalue.repository.KeyValueRepository.
2021-11-22 13:56:39.942  INFO [main] RepositoryConfigurationExtensionSupport [isStrictRepositoryCandidate] [349] Spring Data Redis - Could not safely identify store assignment for repository candidate interface com.tssco.portalLogin.Repository.PTSysRepository. If you want this repository to be a Redis repository, consider annotating your entities with one of these annotations: org.springframework.data.redis.core.RedisHash (preferred), or consider extending one of the following types with your repository: org.springframework.data.keyvalue.repository.KeyValueRepository.
2021-11-22 13:56:39.943  INFO [main] RepositoryConfigurationDelegate [registerRepositoriesIn] [201] Finished Spring Data repository scanning in 17 ms. Found 0 Redis repository interfaces.
2021-11-22 13:56:40.362  INFO [main] EnableEncryptablePropertiesBeanFactoryPostProcessor [postProcessBeanFactory] [48] Post-processing PropertySource instances
2021-11-22 13:56:40.420  INFO [main] EncryptablePropertySourceConverter [makeEncryptable] [41] Converting PropertySource com.tssco.portalLogin.DecryptInitializer [org.springframework.core.env.PropertiesPropertySource] to EncryptableMapPropertySourceWrapper
2021-11-22 13:56:40.445  INFO [main] EncryptablePropertySourceConverter [makeEncryptable] [41] Converting PropertySource configurationProperties [org.springframework.boot.context.properties.source.ConfigurationPropertySourcesPropertySource] to AOP Proxy
2021-11-22 13:56:40.446  INFO [main] EncryptablePropertySourceConverter [makeEncryptable] [41] Converting PropertySource servletConfigInitParams [org.springframework.core.env.PropertySource$StubPropertySource] to EncryptablePropertySourceWrapper
2021-11-22 13:56:40.446  INFO [main] EncryptablePropertySourceConverter [makeEncryptable] [41] Converting PropertySource servletContextInitParams [org.springframework.core.env.PropertySource$StubPropertySource] to EncryptablePropertySourceWrapper
2021-11-22 13:56:40.447  INFO [main] EncryptablePropertySourceConverter [makeEncryptable] [41] Converting PropertySource systemProperties [org.springframework.core.env.PropertiesPropertySource] to EncryptableMapPropertySourceWrapper
2021-11-22 13:56:40.448  INFO [main] EncryptablePropertySourceConverter [makeEncryptable] [41] Converting PropertySource systemEnvironment [org.springframework.boot.env.SystemEnvironmentPropertySourceEnvironmentPostProcessor$OriginAwareSystemEnvironmentPropertySource] to EncryptableSystemEnvironmentPropertySourceWrapper
2021-11-22 13:56:40.449  INFO [main] EncryptablePropertySourceConverter [makeEncryptable] [41] Converting PropertySource random [org.springframework.boot.env.RandomValuePropertySource] to EncryptablePropertySourceWrapper
2021-11-22 13:56:40.450  INFO [main] EncryptablePropertySourceConverter [makeEncryptable] [41] Converting PropertySource Config resource 'class path resource [application-dev.yaml]' via location 'optional:classpath:/' [org.springframework.boot.env.OriginTrackedMapPropertySource] to EncryptableMapPropertySourceWrapper
2021-11-22 13:56:40.450  INFO [main] EncryptablePropertySourceConverter [makeEncryptable] [41] Converting PropertySource Config resource 'class path resource [application.yaml]' via location 'optional:classpath:/' [org.springframework.boot.env.OriginTrackedMapPropertySource] to EncryptableMapPropertySourceWrapper
2021-11-22 13:56:40.528  INFO [main] DefaultLazyPropertyFilter [lambda$null$2] [34] Property Filter custom Bean not found with name 'encryptablePropertyFilter'. Initializing Default Property Filter
2021-11-22 13:56:41.105  INFO [main] TomcatWebServer [initialize] [108] Tomcat initialized with port(s): 8886 (http)
2021-11-22 13:56:41.117  INFO [main] DirectJDKLog [log] [173] Initializing ProtocolHandler ["http-nio-8886"]
2021-11-22 13:56:41.118  INFO [main] DirectJDKLog [log] [173] Starting service [Tomcat]
2021-11-22 13:56:41.119  INFO [main] DirectJDKLog [log] [173] Starting Servlet engine: [Apache Tomcat/9.0.53]
2021-11-22 13:56:41.254  INFO [main] DirectJDKLog [log] [173] Initializing Spring embedded WebApplicationContext
2021-11-22 13:56:41.255  INFO [main] ServletWebServerApplicationContext [prepareWebApplicationContext] [290] Root WebApplicationContext: initialization completed in 3285 ms
2021-11-22 13:56:41.330  INFO [main] DefaultLazyPropertyResolver [lambda$null$2] [35] Property Resolver custom Bean not found with name 'encryptablePropertyResolver'. Initializing Default Property Resolver
2021-11-22 13:56:41.334  INFO [main] DefaultLazyPropertyDetector [lambda$null$2] [33] Property Detector custom Bean not found with name 'encryptablePropertyDetector'. Initializing Default Property Detector
2021-11-22 13:56:41.460  INFO [main] LogHelper [logPersistenceUnitInformation] [31] HHH000204: Processing PersistenceUnitInfo [name: default]
2021-11-22 13:56:41.522  INFO [main] Version [logVersion] [44] HHH000412: Hibernate ORM core version 5.4.32.Final
2021-11-22 13:56:41.691  INFO [main] JavaReflectionManager [<clinit>] [56] HCANN000001: Hibernate Commons Annotations {5.1.2.Final}
2021-11-22 13:56:41.816  INFO [main] HikariDataSource [getConnection] [110] HikariPool-1 - Starting...
2021-11-22 13:56:42.399  INFO [main] HikariDataSource [getConnection] [123] HikariPool-1 - Start completed.
2021-11-22 13:56:42.422  INFO [main] Dialect [<init>] [175] HHH000400: Using dialect: org.hibernate.dialect.MySQL5InnoDBDialect
2021-11-22 13:56:43.505  INFO [main] JtaPlatformInitiator [initiateService] [52] HHH000490: Using JtaPlatform implementation: [org.hibernate.engine.transaction.jta.platform.internal.NoJtaPlatform]
2021-11-22 13:56:43.514  INFO [main] AbstractEntityManagerFactoryBean [buildNativeEntityManagerFactory] [437] Initialized JPA EntityManagerFactory for persistence unit 'default'
2021-11-22 13:56:43.587  WARN [main] JpaBaseConfiguration$JpaWebConfiguration [openEntityManagerInViewInterceptor] [219] spring.jpa.open-in-view is enabled by default. Therefore, database queries may be performed during view rendering. Explicitly configure spring.jpa.open-in-view to disable this warning
2021-11-22 13:56:45.600  INFO [main] UserDetailsServiceAutoConfiguration [getOrDeducePassword] [86] 

Using generated security password: b2ae16b1-c0ec-45e3-b184-11c810ed727c

2021-11-22 13:56:45.778  INFO [main] DefaultSecurityFilterChain [<init>] [51] Will secure any request with [org.springframework.security.web.context.request.async.WebAsyncManagerIntegrationFilter@4eef8498, org.springframework.security.web.context.SecurityContextPersistenceFilter@2181144e, org.springframework.security.web.header.HeaderWriterFilter@7b6d88d1, org.springframework.security.web.authentication.logout.LogoutFilter@40fd9358, org.springframework.security.web.savedrequest.RequestCacheAwareFilter@582b6362, org.springframework.security.web.servletapi.SecurityContextHolderAwareRequestFilter@34dc40d5, org.springframework.security.web.authentication.AnonymousAuthenticationFilter@4b158e16, org.springframework.security.web.session.SessionManagementFilter@38159192, org.springframework.security.web.access.ExceptionTranslationFilter@419dbd6d, org.springframework.security.web.access.intercept.FilterSecurityInterceptor@679f3e12]
2021-11-22 13:56:46.532  INFO [main] DirectJDKLog [log] [173] Starting ProtocolHandler ["http-nio-8886"]
2021-11-22 13:56:46.570  INFO [main] TomcatWebServer [start] [220] Tomcat started on port(s): 8886 (http) with context path ''
2021-11-22 13:56:46.998  INFO [main] StartupInfoLogger [logStarted] [61] Started PortalLoginApplication in 9.711 seconds (JVM running for 10.845)
2021-11-22 13:56:56.418  INFO [http-nio-8886-exec-1] DirectJDKLog [log] [173] Initializing Spring DispatcherServlet 'dispatcherServlet'
2021-11-22 13:56:56.418  INFO [http-nio-8886-exec-1] FrameworkServlet [initServletBean] [525] Initializing Servlet 'dispatcherServlet'
2021-11-22 13:56:56.422  INFO [http-nio-8886-exec-1] FrameworkServlet [initServletBean] [547] Completed initialization in 3 ms
2021-11-22 13:57:04.840  INFO [SpringApplicationShutdownHook] AbstractEntityManagerFactoryBean [destroy] [651] Closing JPA EntityManagerFactory for persistence unit 'default'
2021-11-22 13:57:04.843  INFO [SpringApplicationShutdownHook] HikariDataSource [close] [350] HikariPool-1 - Shutdown initiated...
2021-11-22 13:57:04.856  INFO [SpringApplicationShutdownHook] HikariDataSource [close] [352] HikariPool-1 - Shutdown completed.
