2021-11-16 13:57:50.564  INFO [background-preinit] Version [<clinit>] [21] HV000001: Hibernate Validator 6.2.0.Final
2021-11-16 13:57:50.621  INFO [main] StartupInfoLogger [logStarting] [55] Starting PortalLoginApplication using Java 11.0.12 on TSS_J1100130 with PID 27008 (D:\Project\portal\portalLogin\target\classes started by J1100130 in d:\Project\portal\portalLogin)
2021-11-16 13:57:50.624  INFO [main] SpringApplication [logStartupProfileInfo] [663] The following profiles are active: dev
2021-11-16 13:57:51.658  INFO [main] RepositoryConfigurationDelegate [multipleStoresDetected] [262] Multiple Spring Data modules found, entering strict repository configuration mode!
2021-11-16 13:57:51.661  INFO [main] RepositoryConfigurationDelegate [registerRepositoriesIn] [132] Bootstrapping Spring Data JPA repositories in DEFAULT mode.
2021-11-16 13:57:51.995  INFO [main] RepositoryConfigurationDelegate [registerRepositoriesIn] [201] Finished Spring Data repository scanning in 315 ms. Found 1 JPA repository interfaces.
2021-11-16 13:57:52.023  INFO [main] RepositoryConfigurationDelegate [multipleStoresDetected] [262] Multiple Spring Data modules found, entering strict repository configuration mode!
2021-11-16 13:57:52.025  INFO [main] RepositoryConfigurationDelegate [registerRepositoriesIn] [132] Bootstrapping Spring Data Redis repositories in DEFAULT mode.
2021-11-16 13:57:52.048  INFO [main] RepositoryConfigurationExtensionSupport [isStrictRepositoryCandidate] [349] Spring Data Redis - Could not safely identify store assignment for repository candidate interface com.tssco.portalLogin.Repository.PTCodeRepository. If you want this repository to be a Redis repository, consider annotating your entities with one of these annotations: org.springframework.data.redis.core.RedisHash (preferred), or consider extending one of the following types with your repository: org.springframework.data.keyvalue.repository.KeyValueRepository.
2021-11-16 13:57:52.048  INFO [main] RepositoryConfigurationDelegate [registerRepositoriesIn] [201] Finished Spring Data repository scanning in 9 ms. Found 0 Redis repository interfaces.
2021-11-16 13:57:52.354  INFO [main] EnableEncryptablePropertiesBeanFactoryPostProcessor [postProcessBeanFactory] [48] Post-processing PropertySource instances
2021-11-16 13:57:52.400  INFO [main] EncryptablePropertySourceConverter [makeEncryptable] [41] Converting PropertySource com.tssco.portalLogin.DecryptInitializer [org.springframework.core.env.PropertiesPropertySource] to EncryptableMapPropertySourceWrapper
2021-11-16 13:57:52.428  INFO [main] EncryptablePropertySourceConverter [makeEncryptable] [41] Converting PropertySource configurationProperties [org.springframework.boot.context.properties.source.ConfigurationPropertySourcesPropertySource] to AOP Proxy
2021-11-16 13:57:52.428  INFO [main] EncryptablePropertySourceConverter [makeEncryptable] [41] Converting PropertySource servletConfigInitParams [org.springframework.core.env.PropertySource$StubPropertySource] to EncryptablePropertySourceWrapper
2021-11-16 13:57:52.429  INFO [main] EncryptablePropertySourceConverter [makeEncryptable] [41] Converting PropertySource servletContextInitParams [org.springframework.core.env.PropertySource$StubPropertySource] to EncryptablePropertySourceWrapper
2021-11-16 13:57:52.429  INFO [main] EncryptablePropertySourceConverter [makeEncryptable] [41] Converting PropertySource systemProperties [org.springframework.core.env.PropertiesPropertySource] to EncryptableMapPropertySourceWrapper
2021-11-16 13:57:52.430  INFO [main] EncryptablePropertySourceConverter [makeEncryptable] [41] Converting PropertySource systemEnvironment [org.springframework.boot.env.SystemEnvironmentPropertySourceEnvironmentPostProcessor$OriginAwareSystemEnvironmentPropertySource] to EncryptableSystemEnvironmentPropertySourceWrapper
2021-11-16 13:57:52.431  INFO [main] EncryptablePropertySourceConverter [makeEncryptable] [41] Converting PropertySource random [org.springframework.boot.env.RandomValuePropertySource] to EncryptablePropertySourceWrapper
2021-11-16 13:57:52.431  INFO [main] EncryptablePropertySourceConverter [makeEncryptable] [41] Converting PropertySource Config resource 'class path resource [application-dev.yaml]' via location 'optional:classpath:/' [org.springframework.boot.env.OriginTrackedMapPropertySource] to EncryptableMapPropertySourceWrapper
2021-11-16 13:57:52.432  INFO [main] EncryptablePropertySourceConverter [makeEncryptable] [41] Converting PropertySource Config resource 'class path resource [application.yaml]' via location 'optional:classpath:/' [org.springframework.boot.env.OriginTrackedMapPropertySource] to EncryptableMapPropertySourceWrapper
2021-11-16 13:57:52.555  INFO [main] DefaultLazyPropertyFilter [lambda$null$2] [34] Property Filter custom Bean not found with name 'encryptablePropertyFilter'. Initializing Default Property Filter
2021-11-16 13:57:52.985  INFO [main] TomcatWebServer [initialize] [108] Tomcat initialized with port(s): 8886 (http)
2021-11-16 13:57:52.995  INFO [main] DirectJDKLog [log] [173] Initializing ProtocolHandler ["http-nio-8886"]
2021-11-16 13:57:52.995  INFO [main] DirectJDKLog [log] [173] Starting service [Tomcat]
2021-11-16 13:57:52.995  INFO [main] DirectJDKLog [log] [173] Starting Servlet engine: [Apache Tomcat/9.0.53]
2021-11-16 13:57:53.119  INFO [main] DirectJDKLog [log] [173] Initializing Spring embedded WebApplicationContext
2021-11-16 13:57:53.119  INFO [main] ServletWebServerApplicationContext [prepareWebApplicationContext] [290] Root WebApplicationContext: initialization completed in 2418 ms
2021-11-16 13:57:53.176  INFO [main] DefaultLazyPropertyResolver [lambda$null$2] [35] Property Resolver custom Bean not found with name 'encryptablePropertyResolver'. Initializing Default Property Resolver
2021-11-16 13:57:53.176  INFO [main] DefaultLazyPropertyDetector [lambda$null$2] [33] Property Detector custom Bean not found with name 'encryptablePropertyDetector'. Initializing Default Property Detector
2021-11-16 13:57:53.322  INFO [main] LogHelper [logPersistenceUnitInformation] [31] HHH000204: Processing PersistenceUnitInfo [name: default]
2021-11-16 13:57:53.369  INFO [main] Version [logVersion] [44] HHH000412: Hibernate ORM core version 5.4.32.Final
2021-11-16 13:57:53.486  INFO [main] JavaReflectionManager [<clinit>] [56] HCANN000001: Hibernate Commons Annotations {5.1.2.Final}
2021-11-16 13:57:53.601  INFO [main] HikariDataSource [getConnection] [110] HikariPool-1 - Starting...
2021-11-16 13:57:54.001  INFO [main] HikariDataSource [getConnection] [123] HikariPool-1 - Start completed.
2021-11-16 13:57:54.015  INFO [main] Dialect [<init>] [175] HHH000400: Using dialect: org.hibernate.dialect.MySQL5InnoDBDialect
2021-11-16 13:57:54.606  INFO [main] JtaPlatformInitiator [initiateService] [52] HHH000490: Using JtaPlatform implementation: [org.hibernate.engine.transaction.jta.platform.internal.NoJtaPlatform]
2021-11-16 13:57:54.634  INFO [main] AbstractEntityManagerFactoryBean [buildNativeEntityManagerFactory] [437] Initialized JPA EntityManagerFactory for persistence unit 'default'
2021-11-16 13:57:54.708  WARN [main] JpaBaseConfiguration$JpaWebConfiguration [openEntityManagerInViewInterceptor] [219] spring.jpa.open-in-view is enabled by default. Therefore, database queries may be performed during view rendering. Explicitly configure spring.jpa.open-in-view to disable this warning
2021-11-16 13:57:55.051  INFO [main] UserDetailsServiceAutoConfiguration [getOrDeducePassword] [86] 

Using generated security password: 7e9a73fd-98dd-4432-948e-79bd5640bfa5

2021-11-16 13:57:55.140  INFO [main] DefaultSecurityFilterChain [<init>] [51] Will secure any request with [org.springframework.security.web.context.request.async.WebAsyncManagerIntegrationFilter@7a80ebcd, org.springframework.security.web.context.SecurityContextPersistenceFilter@130bd00e, org.springframework.security.web.header.HeaderWriterFilter@7e2c8622, org.springframework.security.web.authentication.logout.LogoutFilter@67c912d3, org.springframework.security.web.savedrequest.RequestCacheAwareFilter@78fd1179, org.springframework.security.web.servletapi.SecurityContextHolderAwareRequestFilter@6db84cae, org.springframework.security.web.authentication.AnonymousAuthenticationFilter@365eaef, org.springframework.security.web.session.SessionManagementFilter@b67b359, org.springframework.security.web.access.ExceptionTranslationFilter@3b863b4, org.springframework.security.web.access.intercept.FilterSecurityInterceptor@5bbb351e]
2021-11-16 13:57:55.945  INFO [main] DirectJDKLog [log] [173] Starting ProtocolHandler ["http-nio-8886"]
2021-11-16 13:57:55.964  INFO [main] TomcatWebServer [start] [220] Tomcat started on port(s): 8886 (http) with context path ''
2021-11-16 13:57:56.241  INFO [main] StartupInfoLogger [logStarted] [61] Started PortalLoginApplication in 5.943 seconds (JVM running for 6.8)
