2021-11-22 16:49:36.476  INFO [background-preinit] Version [<clinit>] [21] HV000001: Hibernate Validator 6.2.0.Final
2021-11-22 16:49:36.567  INFO [main] StartupInfoLogger [logStarting] [55] Starting PortalLoginApplication v0.0.1-SNAPSHOT using Java 11.0.12 on WongdeMacBook-Pro.local with PID 53045 (/Users/wongrainie/Project/springboot/portalLogin/target/portalLogin-0.0.1-SNAPSHOT.jar started by wongrainie in /Users/wongrainie/Project/springboot/portalLogin/target)
2021-11-22 16:49:36.576  INFO [main] SpringApplication [logStartupProfileInfo] [663] The following profiles are active: dev
2021-11-22 16:49:38.374  INFO [main] RepositoryConfigurationDelegate [multipleStoresDetected] [262] Multiple Spring Data modules found, entering strict repository configuration mode!
2021-11-22 16:49:38.377  INFO [main] RepositoryConfigurationDelegate [registerRepositoriesIn] [132] Bootstrapping Spring Data JPA repositories in DEFAULT mode.
2021-11-22 16:49:38.656  INFO [main] RepositoryConfigurationDelegate [registerRepositoriesIn] [201] Finished Spring Data repository scanning in 267 ms. Found 3 JPA repository interfaces.
2021-11-22 16:49:38.681  INFO [main] RepositoryConfigurationDelegate [multipleStoresDetected] [262] Multiple Spring Data modules found, entering strict repository configuration mode!
2021-11-22 16:49:38.683  INFO [main] RepositoryConfigurationDelegate [registerRepositoriesIn] [132] Bootstrapping Spring Data Redis repositories in DEFAULT mode.
2021-11-22 16:49:38.704  INFO [main] RepositoryConfigurationExtensionSupport [isStrictRepositoryCandidate] [349] Spring Data Redis - Could not safely identify store assignment for repository candidate interface com.tssco.portalLogin.Repository.PTSysRepository. If you want this repository to be a Redis repository, consider annotating your entities with one of these annotations: org.springframework.data.redis.core.RedisHash (preferred), or consider extending one of the following types with your repository: org.springframework.data.keyvalue.repository.KeyValueRepository.
2021-11-22 16:49:38.706  INFO [main] RepositoryConfigurationExtensionSupport [isStrictRepositoryCandidate] [349] Spring Data Redis - Could not safely identify store assignment for repository candidate interface com.tssco.portalLogin.Repository.PTCodeRepository. If you want this repository to be a Redis repository, consider annotating your entities with one of these annotations: org.springframework.data.redis.core.RedisHash (preferred), or consider extending one of the following types with your repository: org.springframework.data.keyvalue.repository.KeyValueRepository.
2021-11-22 16:49:38.707  INFO [main] RepositoryConfigurationExtensionSupport [isStrictRepositoryCandidate] [349] Spring Data Redis - Could not safely identify store assignment for repository candidate interface com.tssco.portalLogin.Repository.HREmpRepository. If you want this repository to be a Redis repository, consider annotating your entities with one of these annotations: org.springframework.data.redis.core.RedisHash (preferred), or consider extending one of the following types with your repository: org.springframework.data.keyvalue.repository.KeyValueRepository.
2021-11-22 16:49:38.707  INFO [main] RepositoryConfigurationDelegate [registerRepositoriesIn] [201] Finished Spring Data repository scanning in 8 ms. Found 0 Redis repository interfaces.
2021-11-22 16:49:39.112  INFO [main] EnableEncryptablePropertiesBeanFactoryPostProcessor [postProcessBeanFactory] [48] Post-processing PropertySource instances
2021-11-22 16:49:39.164  INFO [main] EncryptablePropertySourceConverter [makeEncryptable] [41] Converting PropertySource com.tssco.portalLogin.DecryptInitializer [org.springframework.core.env.PropertiesPropertySource] to EncryptableMapPropertySourceWrapper
2021-11-22 16:49:39.195  INFO [main] EncryptablePropertySourceConverter [makeEncryptable] [41] Converting PropertySource configurationProperties [org.springframework.boot.context.properties.source.ConfigurationPropertySourcesPropertySource] to AOP Proxy
2021-11-22 16:49:39.195  INFO [main] EncryptablePropertySourceConverter [makeEncryptable] [41] Converting PropertySource servletConfigInitParams [org.springframework.core.env.PropertySource$StubPropertySource] to EncryptablePropertySourceWrapper
2021-11-22 16:49:39.196  INFO [main] EncryptablePropertySourceConverter [makeEncryptable] [41] Converting PropertySource servletContextInitParams [org.springframework.core.env.PropertySource$StubPropertySource] to EncryptablePropertySourceWrapper
2021-11-22 16:49:39.196  INFO [main] EncryptablePropertySourceConverter [makeEncryptable] [41] Converting PropertySource systemProperties [org.springframework.core.env.PropertiesPropertySource] to EncryptableMapPropertySourceWrapper
2021-11-22 16:49:39.196  INFO [main] EncryptablePropertySourceConverter [makeEncryptable] [41] Converting PropertySource systemEnvironment [org.springframework.boot.env.SystemEnvironmentPropertySourceEnvironmentPostProcessor$OriginAwareSystemEnvironmentPropertySource] to EncryptableSystemEnvironmentPropertySourceWrapper
2021-11-22 16:49:39.196  INFO [main] EncryptablePropertySourceConverter [makeEncryptable] [41] Converting PropertySource random [org.springframework.boot.env.RandomValuePropertySource] to EncryptablePropertySourceWrapper
2021-11-22 16:49:39.196  INFO [main] EncryptablePropertySourceConverter [makeEncryptable] [41] Converting PropertySource Config resource 'class path resource [application-dev.yaml]' via location 'optional:classpath:/' [org.springframework.boot.env.OriginTrackedMapPropertySource] to EncryptableMapPropertySourceWrapper
2021-11-22 16:49:39.197  INFO [main] EncryptablePropertySourceConverter [makeEncryptable] [41] Converting PropertySource Config resource 'class path resource [application.yaml]' via location 'optional:classpath:/' [org.springframework.boot.env.OriginTrackedMapPropertySource] to EncryptableMapPropertySourceWrapper
2021-11-22 16:49:39.252  INFO [main] DefaultLazyPropertyFilter [lambda$null$2] [34] Property Filter custom Bean not found with name 'encryptablePropertyFilter'. Initializing Default Property Filter
2021-11-22 16:49:39.713  INFO [main] TomcatWebServer [initialize] [108] Tomcat initialized with port(s): 8886 (http)
2021-11-22 16:49:39.726  INFO [main] DirectJDKLog [log] [173] Initializing ProtocolHandler ["http-nio-8886"]
2021-11-22 16:49:39.726  INFO [main] DirectJDKLog [log] [173] Starting service [Tomcat]
2021-11-22 16:49:39.726  INFO [main] DirectJDKLog [log] [173] Starting Servlet engine: [Apache Tomcat/9.0.53]
2021-11-22 16:49:39.801  INFO [main] DirectJDKLog [log] [173] Initializing Spring embedded WebApplicationContext
2021-11-22 16:49:39.801  INFO [main] ServletWebServerApplicationContext [prepareWebApplicationContext] [290] Root WebApplicationContext: initialization completed in 3140 ms
2021-11-22 16:49:39.875  INFO [main] DefaultLazyPropertyResolver [lambda$null$2] [35] Property Resolver custom Bean not found with name 'encryptablePropertyResolver'. Initializing Default Property Resolver
2021-11-22 16:49:39.881  INFO [main] DefaultLazyPropertyDetector [lambda$null$2] [33] Property Detector custom Bean not found with name 'encryptablePropertyDetector'. Initializing Default Property Detector
2021-11-22 16:49:40.042  INFO [main] LogHelper [logPersistenceUnitInformation] [31] HHH000204: Processing PersistenceUnitInfo [name: default]
2021-11-22 16:49:40.169  INFO [main] Version [logVersion] [44] HHH000412: Hibernate ORM core version 5.4.32.Final
2021-11-22 16:49:40.386  INFO [main] JavaReflectionManager [<clinit>] [56] HCANN000001: Hibernate Commons Annotations {5.1.2.Final}
2021-11-22 16:49:40.553  INFO [main] HikariDataSource [getConnection] [110] HikariPool-1 - Starting...
2021-11-22 16:49:41.104  INFO [main] HikariDataSource [getConnection] [123] HikariPool-1 - Start completed.
2021-11-22 16:49:41.140  INFO [main] Dialect [<init>] [175] HHH000400: Using dialect: org.hibernate.dialect.MySQL5InnoDBDialect
2021-11-22 16:49:42.156  INFO [main] JtaPlatformInitiator [initiateService] [52] HHH000490: Using JtaPlatform implementation: [org.hibernate.engine.transaction.jta.platform.internal.NoJtaPlatform]
2021-11-22 16:49:42.167  INFO [main] AbstractEntityManagerFactoryBean [buildNativeEntityManagerFactory] [437] Initialized JPA EntityManagerFactory for persistence unit 'default'
2021-11-22 16:49:42.283  WARN [main] JpaBaseConfiguration$JpaWebConfiguration [openEntityManagerInViewInterceptor] [219] spring.jpa.open-in-view is enabled by default. Therefore, database queries may be performed during view rendering. Explicitly configure spring.jpa.open-in-view to disable this warning
2021-11-22 16:49:43.817  INFO [main] UserDetailsServiceAutoConfiguration [getOrDeducePassword] [86] 

Using generated security password: 2e10dc49-698e-4d21-ab7e-ba63bd8850f0

2021-11-22 16:49:44.012  INFO [main] DefaultSecurityFilterChain [<init>] [51] Will secure any request with [org.springframework.security.web.context.request.async.WebAsyncManagerIntegrationFilter@5bfc79cb, org.springframework.security.web.context.SecurityContextPersistenceFilter@10d18696, org.springframework.security.web.header.HeaderWriterFilter@3b4ef59f, org.springframework.security.web.authentication.logout.LogoutFilter@3487442d, org.springframework.security.web.savedrequest.RequestCacheAwareFilter@7d37ee0c, org.springframework.security.web.servletapi.SecurityContextHolderAwareRequestFilter@353c6da1, org.springframework.security.web.authentication.AnonymousAuthenticationFilter@27ec8754, org.springframework.security.web.session.SessionManagementFilter@33e4b9c4, org.springframework.security.web.access.ExceptionTranslationFilter@5ec9eefa, org.springframework.security.web.access.intercept.FilterSecurityInterceptor@5b48f0f4]
2021-11-22 16:49:44.680  INFO [main] DirectJDKLog [log] [173] Starting ProtocolHandler ["http-nio-8886"]
2021-11-22 16:49:44.706  INFO [main] TomcatWebServer [start] [220] Tomcat started on port(s): 8886 (http) with context path ''
2021-11-22 16:49:44.982  INFO [main] StartupInfoLogger [logStarted] [61] Started PortalLoginApplication in 9.262 seconds (JVM running for 10.819)
2021-11-22 17:19:48.840  WARN [HikariPool-1 housekeeper] HikariPool$HouseKeeper [run] [788] HikariPool-1 - Thread starvation or clock leap detected (housekeeper delta=1m7s446ms).
2021-11-22 17:32:20.767  WARN [HikariPool-1 housekeeper] HikariPool$HouseKeeper [run] [788] HikariPool-1 - Thread starvation or clock leap detected (housekeeper delta=2m1s815ms).
2021-11-22 20:32:54.003  WARN [HikariPool-1 housekeeper] HikariPool$HouseKeeper [run] [788] HikariPool-1 - Thread starvation or clock leap detected (housekeeper delta=2h57s894ms).
2021-11-22 21:02:40.743  WARN [HikariPool-1 housekeeper] HikariPool$HouseKeeper [run] [788] HikariPool-1 - Thread starvation or clock leap detected (housekeeper delta=29m16s690ms).
2021-11-22 23:17:59.398  WARN [HikariPool-1 housekeeper] HikariPool$HouseKeeper [run] [788] HikariPool-1 - Thread starvation or clock leap detected (housekeeper delta=2h15m18s591ms).
